{"C:\\hello-world\\Backend-project\\MENJADI Back End DEV EXPERT\\Submission\\Submission-forum-api-husadahts\\src\\Applications\\security\\AuthenticationTokenManager.js": {"path":"C:\\hello-world\\Backend-project\\MENJADI Back End DEV EXPERT\\Submission\\Submission-forum-api-husadahts\\src\\Applications\\security\\AuthenticationTokenManager.js","statementMap":{"0":{"start":{"line":3,"column":4},"end":{"line":3,"column":75}},"1":{"start":{"line":7,"column":4},"end":{"line":7,"column":75}},"2":{"start":{"line":11,"column":4},"end":{"line":11,"column":75}},"3":{"start":{"line":15,"column":4},"end":{"line":15,"column":75}},"4":{"start":{"line":19,"column":0},"end":{"line":19,"column":44}}},"fnMap":{"0":{"name":"(anonymous_0)","decl":{"start":{"line":2,"column":2},"end":{"line":2,"column":3}},"loc":{"start":{"line":2,"column":36},"end":{"line":4,"column":3}},"line":2},"1":{"name":"(anonymous_1)","decl":{"start":{"line":6,"column":2},"end":{"line":6,"column":3}},"loc":{"start":{"line":6,"column":35},"end":{"line":8,"column":3}},"line":6},"2":{"name":"(anonymous_2)","decl":{"start":{"line":10,"column":2},"end":{"line":10,"column":3}},"loc":{"start":{"line":10,"column":34},"end":{"line":12,"column":3}},"line":10},"3":{"name":"(anonymous_3)","decl":{"start":{"line":14,"column":2},"end":{"line":14,"column":3}},"loc":{"start":{"line":14,"column":24},"end":{"line":16,"column":3}},"line":14}},"branchMap":{},"s":{"0":1,"1":1,"2":1,"3":1,"4":9},"f":{"0":1,"1":1,"2":1,"3":1},"b":{},"_coverageSchema":"1a1c01bbd47fc00a2c39e90264f33305004495a9","hash":"b6e9611505e8fe088607974c9b2db867640c7c4e"}
,"C:\\hello-world\\Backend-project\\MENJADI Back End DEV EXPERT\\Submission\\Submission-forum-api-husadahts\\src\\Applications\\security\\PasswordHash.js": {"path":"C:\\hello-world\\Backend-project\\MENJADI Back End DEV EXPERT\\Submission\\Submission-forum-api-husadahts\\src\\Applications\\security\\PasswordHash.js","statementMap":{"0":{"start":{"line":3,"column":4},"end":{"line":3,"column":60}},"1":{"start":{"line":7,"column":4},"end":{"line":7,"column":60}},"2":{"start":{"line":11,"column":0},"end":{"line":11,"column":30}}},"fnMap":{"0":{"name":"(anonymous_0)","decl":{"start":{"line":2,"column":2},"end":{"line":2,"column":3}},"loc":{"start":{"line":2,"column":23},"end":{"line":4,"column":3}},"line":2},"1":{"name":"(anonymous_1)","decl":{"start":{"line":6,"column":2},"end":{"line":6,"column":3}},"loc":{"start":{"line":6,"column":42},"end":{"line":8,"column":3}},"line":6}},"branchMap":{},"s":{"0":1,"1":1,"2":9},"f":{"0":1,"1":1},"b":{},"_coverageSchema":"1a1c01bbd47fc00a2c39e90264f33305004495a9","hash":"ad18080c19a94cc74d6ecc30536218416e857354"}
,"C:\\hello-world\\Backend-project\\MENJADI Back End DEV EXPERT\\Submission\\Submission-forum-api-husadahts\\src\\Applications\\use_case\\AddCommentUseCase.js": {"path":"C:\\hello-world\\Backend-project\\MENJADI Back End DEV EXPERT\\Submission\\Submission-forum-api-husadahts\\src\\Applications\\use_case\\AddCommentUseCase.js","statementMap":{"0":{"start":{"line":1,"column":22},"end":{"line":1,"column":71}},"1":{"start":{"line":2,"column":19},"end":{"line":2,"column":72}},"2":{"start":{"line":6,"column":4},"end":{"line":6,"column":48}},"3":{"start":{"line":7,"column":4},"end":{"line":7,"column":46}},"4":{"start":{"line":11,"column":23},"end":{"line":11,"column":53}},"5":{"start":{"line":12,"column":4},"end":{"line":12,"column":62}},"6":{"start":{"line":13,"column":4},"end":{"line":13,"column":63}},"7":{"start":{"line":17,"column":25},"end":{"line":17,"column":58}},"8":{"start":{"line":20,"column":4},"end":{"line":22,"column":5}},"9":{"start":{"line":21,"column":6},"end":{"line":21,"column":50}},"10":{"start":{"line":27,"column":19},"end":{"line":27,"column":88}},"11":{"start":{"line":28,"column":4},"end":{"line":28,"column":20}},"12":{"start":{"line":32,"column":0},"end":{"line":32,"column":35}}},"fnMap":{"0":{"name":"(anonymous_0)","decl":{"start":{"line":5,"column":2},"end":{"line":5,"column":3}},"loc":{"start":{"line":5,"column":55},"end":{"line":8,"column":3}},"line":5},"1":{"name":"(anonymous_1)","decl":{"start":{"line":10,"column":2},"end":{"line":10,"column":3}},"loc":{"start":{"line":10,"column":32},"end":{"line":14,"column":3}},"line":10},"2":{"name":"(anonymous_2)","decl":{"start":{"line":16,"column":2},"end":{"line":16,"column":3}},"loc":{"start":{"line":16,"column":43},"end":{"line":23,"column":3}},"line":16},"3":{"name":"(anonymous_3)","decl":{"start":{"line":25,"column":2},"end":{"line":25,"column":3}},"loc":{"start":{"line":25,"column":31},"end":{"line":29,"column":3}},"line":25}},"branchMap":{"0":{"loc":{"start":{"line":20,"column":4},"end":{"line":22,"column":5}},"type":"if","locations":[{"start":{"line":20,"column":4},"end":{"line":22,"column":5}},{"start":{},"end":{}}],"line":20}},"s":{"0":7,"1":7,"2":3,"3":3,"4":12,"5":10,"6":9,"7":10,"8":9,"9":0,"10":10,"11":9,"12":7},"f":{"0":3,"1":12,"2":10,"3":10},"b":{"0":[0,9]},"_coverageSchema":"1a1c01bbd47fc00a2c39e90264f33305004495a9","hash":"e2ff80e0ea91514b0844219862232e246b826554"}
,"C:\\hello-world\\Backend-project\\MENJADI Back End DEV EXPERT\\Submission\\Submission-forum-api-husadahts\\src\\Applications\\use_case\\AddReplyUseCase.js": {"path":"C:\\hello-world\\Backend-project\\MENJADI Back End DEV EXPERT\\Submission\\Submission-forum-api-husadahts\\src\\Applications\\use_case\\AddReplyUseCase.js","statementMap":{"0":{"start":{"line":1,"column":17},"end":{"line":1,"column":67}},"1":{"start":{"line":5,"column":4},"end":{"line":5,"column":44}},"2":{"start":{"line":6,"column":4},"end":{"line":6,"column":48}},"3":{"start":{"line":7,"column":4},"end":{"line":7,"column":46}},"4":{"start":{"line":11,"column":21},"end":{"line":11,"column":49}},"5":{"start":{"line":12,"column":4},"end":{"line":12,"column":90}},"6":{"start":{"line":13,"column":4},"end":{"line":13,"column":87}},"7":{"start":{"line":14,"column":4},"end":{"line":14,"column":57}},"8":{"start":{"line":18,"column":0},"end":{"line":18,"column":33}}},"fnMap":{"0":{"name":"(anonymous_0)","decl":{"start":{"line":4,"column":2},"end":{"line":4,"column":3}},"loc":{"start":{"line":4,"column":72},"end":{"line":8,"column":3}},"line":4},"1":{"name":"(anonymous_1)","decl":{"start":{"line":10,"column":2},"end":{"line":10,"column":3}},"loc":{"start":{"line":10,"column":32},"end":{"line":15,"column":3}},"line":10}},"branchMap":{},"s":{"0":7,"1":2,"2":2,"3":2,"4":6,"5":4,"6":3,"7":3,"8":7},"f":{"0":2,"1":6},"b":{},"_coverageSchema":"1a1c01bbd47fc00a2c39e90264f33305004495a9","hash":"77051a6d824c10a2f4f2126e44468bbeb55c99d2"}
,"C:\\hello-world\\Backend-project\\MENJADI Back End DEV EXPERT\\Submission\\Submission-forum-api-husadahts\\src\\Applications\\use_case\\AddThreadUseCase.js": {"path":"C:\\hello-world\\Backend-project\\MENJADI Back End DEV EXPERT\\Submission\\Submission-forum-api-husadahts\\src\\Applications\\use_case\\AddThreadUseCase.js","statementMap":{"0":{"start":{"line":1,"column":18},"end":{"line":1,"column":69}},"1":{"start":{"line":5,"column":4},"end":{"line":5,"column":46}},"2":{"start":{"line":9,"column":22},"end":{"line":9,"column":51}},"3":{"start":{"line":10,"column":24},"end":{"line":10,"column":78}},"4":{"start":{"line":12,"column":4},"end":{"line":18,"column":6}},"5":{"start":{"line":22,"column":0},"end":{"line":22,"column":34}}},"fnMap":{"0":{"name":"(anonymous_0)","decl":{"start":{"line":4,"column":2},"end":{"line":4,"column":3}},"loc":{"start":{"line":4,"column":36},"end":{"line":6,"column":3}},"line":4},"1":{"name":"(anonymous_1)","decl":{"start":{"line":8,"column":2},"end":{"line":8,"column":3}},"loc":{"start":{"line":8,"column":32},"end":{"line":19,"column":3}},"line":8}},"branchMap":{},"s":{"0":7,"1":4,"2":16,"3":14,"4":14,"5":7},"f":{"0":4,"1":16},"b":{},"_coverageSchema":"1a1c01bbd47fc00a2c39e90264f33305004495a9","hash":"3dcae9c61b0da9630e53bc8f7245bec77d0a4fe7"}
,"C:\\hello-world\\Backend-project\\MENJADI Back End DEV EXPERT\\Submission\\Submission-forum-api-husadahts\\src\\Applications\\use_case\\AddUserUseCase.js": {"path":"C:\\hello-world\\Backend-project\\MENJADI Back End DEV EXPERT\\Submission\\Submission-forum-api-husadahts\\src\\Applications\\use_case\\AddUserUseCase.js","statementMap":{"0":{"start":{"line":1,"column":21},"end":{"line":1,"column":73}},"1":{"start":{"line":5,"column":4},"end":{"line":5,"column":42}},"2":{"start":{"line":6,"column":4},"end":{"line":6,"column":38}},"3":{"start":{"line":10,"column":25},"end":{"line":10,"column":57}},"4":{"start":{"line":11,"column":4},"end":{"line":11,"column":78}},"5":{"start":{"line":12,"column":4},"end":{"line":12,"column":81}},"6":{"start":{"line":13,"column":4},"end":{"line":13,"column":54}},"7":{"start":{"line":17,"column":0},"end":{"line":17,"column":32}}},"fnMap":{"0":{"name":"(anonymous_0)","decl":{"start":{"line":4,"column":2},"end":{"line":4,"column":3}},"loc":{"start":{"line":4,"column":48},"end":{"line":7,"column":3}},"line":4},"1":{"name":"(anonymous_1)","decl":{"start":{"line":9,"column":2},"end":{"line":9,"column":3}},"loc":{"start":{"line":9,"column":32},"end":{"line":14,"column":3}},"line":9}},"branchMap":{},"s":{"0":7,"1":6,"2":6,"3":27,"4":23,"5":22,"6":22,"7":7},"f":{"0":6,"1":27},"b":{},"_coverageSchema":"1a1c01bbd47fc00a2c39e90264f33305004495a9","hash":"5f49e38d465f10328655bf1f15eb941a792fc225"}
,"C:\\hello-world\\Backend-project\\MENJADI Back End DEV EXPERT\\Submission\\Submission-forum-api-husadahts\\src\\Applications\\use_case\\DeleteAuthenticationUseCase.js": {"path":"C:\\hello-world\\Backend-project\\MENJADI Back End DEV EXPERT\\Submission\\Submission-forum-api-husadahts\\src\\Applications\\use_case\\DeleteAuthenticationUseCase.js","statementMap":{"0":{"start":{"line":5,"column":4},"end":{"line":5,"column":62}},"1":{"start":{"line":9,"column":4},"end":{"line":9,"column":42}},"2":{"start":{"line":10,"column":29},"end":{"line":10,"column":43}},"3":{"start":{"line":11,"column":4},"end":{"line":11,"column":78}},"4":{"start":{"line":12,"column":4},"end":{"line":12,"column":67}},"5":{"start":{"line":16,"column":29},"end":{"line":16,"column":36}},"6":{"start":{"line":17,"column":4},"end":{"line":19,"column":5}},"7":{"start":{"line":18,"column":6},"end":{"line":18,"column":82}},"8":{"start":{"line":21,"column":4},"end":{"line":23,"column":5}},"9":{"start":{"line":22,"column":6},"end":{"line":22,"column":97}},"10":{"start":{"line":27,"column":0},"end":{"line":27,"column":45}}},"fnMap":{"0":{"name":"(anonymous_0)","decl":{"start":{"line":2,"column":2},"end":{"line":2,"column":3}},"loc":{"start":{"line":4,"column":5},"end":{"line":6,"column":3}},"line":4},"1":{"name":"(anonymous_1)","decl":{"start":{"line":8,"column":2},"end":{"line":8,"column":3}},"loc":{"start":{"line":8,"column":32},"end":{"line":13,"column":3}},"line":8},"2":{"name":"(anonymous_2)","decl":{"start":{"line":15,"column":2},"end":{"line":15,"column":3}},"loc":{"start":{"line":15,"column":28},"end":{"line":24,"column":3}},"line":15}},"branchMap":{"0":{"loc":{"start":{"line":17,"column":4},"end":{"line":19,"column":5}},"type":"if","locations":[{"start":{"line":17,"column":4},"end":{"line":19,"column":5}},{"start":{},"end":{}}],"line":17},"1":{"loc":{"start":{"line":21,"column":4},"end":{"line":23,"column":5}},"type":"if","locations":[{"start":{"line":21,"column":4},"end":{"line":23,"column":5}},{"start":{},"end":{}}],"line":21}},"s":{"0":3,"1":3,"2":1,"3":1,"4":1,"5":3,"6":3,"7":1,"8":2,"9":1,"10":1},"f":{"0":3,"1":3,"2":3},"b":{"0":[1,2],"1":[1,1]},"_coverageSchema":"1a1c01bbd47fc00a2c39e90264f33305004495a9","hash":"59b80ec1edfdbe219e3b5d3abbac01f1f41b756e"}
,"C:\\hello-world\\Backend-project\\MENJADI Back End DEV EXPERT\\Submission\\Submission-forum-api-husadahts\\src\\Applications\\use_case\\DeleteCommentUseCase.js": {"path":"C:\\hello-world\\Backend-project\\MENJADI Back End DEV EXPERT\\Submission\\Submission-forum-api-husadahts\\src\\Applications\\use_case\\DeleteCommentUseCase.js","statementMap":{"0":{"start":{"line":1,"column":22},"end":{"line":1,"column":71}},"1":{"start":{"line":2,"column":27},"end":{"line":2,"column":81}},"2":{"start":{"line":6,"column":4},"end":{"line":6,"column":48}},"3":{"start":{"line":7,"column":4},"end":{"line":7,"column":46}},"4":{"start":{"line":8,"column":4},"end":{"line":8,"column":42}},"5":{"start":{"line":12,"column":19},"end":{"line":12,"column":104}},"6":{"start":{"line":13,"column":4},"end":{"line":15,"column":5}},"7":{"start":{"line":14,"column":6},"end":{"line":14,"column":50}},"8":{"start":{"line":17,"column":4},"end":{"line":19,"column":5}},"9":{"start":{"line":18,"column":6},"end":{"line":18,"column":51}},"10":{"start":{"line":22,"column":25},"end":{"line":25,"column":5}},"11":{"start":{"line":27,"column":4},"end":{"line":29,"column":5}},"12":{"start":{"line":28,"column":6},"end":{"line":28,"column":110}},"13":{"start":{"line":31,"column":4},"end":{"line":31,"column":81}},"14":{"start":{"line":35,"column":0},"end":{"line":35,"column":38}}},"fnMap":{"0":{"name":"(anonymous_0)","decl":{"start":{"line":5,"column":2},"end":{"line":5,"column":3}},"loc":{"start":{"line":5,"column":71},"end":{"line":9,"column":3}},"line":5},"1":{"name":"(anonymous_1)","decl":{"start":{"line":11,"column":2},"end":{"line":11,"column":3}},"loc":{"start":{"line":11,"column":32},"end":{"line":32,"column":3}},"line":11}},"branchMap":{"0":{"loc":{"start":{"line":13,"column":4},"end":{"line":15,"column":5}},"type":"if","locations":[{"start":{"line":13,"column":4},"end":{"line":15,"column":5}},{"start":{},"end":{}}],"line":13},"1":{"loc":{"start":{"line":17,"column":4},"end":{"line":19,"column":5}},"type":"if","locations":[{"start":{"line":17,"column":4},"end":{"line":19,"column":5}},{"start":{},"end":{}}],"line":17},"2":{"loc":{"start":{"line":27,"column":4},"end":{"line":29,"column":5}},"type":"if","locations":[{"start":{"line":27,"column":4},"end":{"line":29,"column":5}},{"start":{},"end":{}}],"line":27}},"s":{"0":7,"1":7,"2":5,"3":5,"4":5,"5":6,"6":6,"7":1,"8":5,"9":1,"10":4,"11":3,"12":1,"13":2,"14":7},"f":{"0":5,"1":6},"b":{"0":[1,5],"1":[1,4],"2":[1,2]},"_coverageSchema":"1a1c01bbd47fc00a2c39e90264f33305004495a9","hash":"7aa33393e1767915d8b3312e857f0efe74902a2a"}
,"C:\\hello-world\\Backend-project\\MENJADI Back End DEV EXPERT\\Submission\\Submission-forum-api-husadahts\\src\\Applications\\use_case\\DeleteReplyUseCase.js": {"path":"C:\\hello-world\\Backend-project\\MENJADI Back End DEV EXPERT\\Submission\\Submission-forum-api-husadahts\\src\\Applications\\use_case\\DeleteReplyUseCase.js","statementMap":{"0":{"start":{"line":1,"column":22},"end":{"line":1,"column":71}},"1":{"start":{"line":2,"column":27},"end":{"line":2,"column":81}},"2":{"start":{"line":6,"column":4},"end":{"line":6,"column":44}},"3":{"start":{"line":7,"column":4},"end":{"line":7,"column":48}},"4":{"start":{"line":8,"column":4},"end":{"line":8,"column":46}},"5":{"start":{"line":9,"column":4},"end":{"line":9,"column":42}},"6":{"start":{"line":13,"column":19},"end":{"line":13,"column":104}},"7":{"start":{"line":14,"column":4},"end":{"line":16,"column":5}},"8":{"start":{"line":15,"column":6},"end":{"line":15,"column":50}},"9":{"start":{"line":18,"column":18},"end":{"line":18,"column":106}},"10":{"start":{"line":19,"column":4},"end":{"line":21,"column":5}},"11":{"start":{"line":20,"column":6},"end":{"line":20,"column":51}},"12":{"start":{"line":23,"column":4},"end":{"line":25,"column":5}},"13":{"start":{"line":24,"column":6},"end":{"line":24,"column":49}},"14":{"start":{"line":27,"column":20},"end":{"line":27,"column":102}},"15":{"start":{"line":29,"column":21},"end":{"line":29,"column":91}},"16":{"start":{"line":30,"column":4},"end":{"line":30,"column":91}},"17":{"start":{"line":30,"column":39},"end":{"line":30,"column":91}},"18":{"start":{"line":32,"column":4},"end":{"line":32,"column":75}},"19":{"start":{"line":36,"column":0},"end":{"line":36,"column":36}}},"fnMap":{"0":{"name":"(anonymous_0)","decl":{"start":{"line":5,"column":2},"end":{"line":5,"column":3}},"loc":{"start":{"line":5,"column":88},"end":{"line":10,"column":3}},"line":5},"1":{"name":"(anonymous_1)","decl":{"start":{"line":12,"column":2},"end":{"line":12,"column":3}},"loc":{"start":{"line":12,"column":32},"end":{"line":33,"column":3}},"line":12}},"branchMap":{"0":{"loc":{"start":{"line":14,"column":4},"end":{"line":16,"column":5}},"type":"if","locations":[{"start":{"line":14,"column":4},"end":{"line":16,"column":5}},{"start":{},"end":{}}],"line":14},"1":{"loc":{"start":{"line":19,"column":4},"end":{"line":21,"column":5}},"type":"if","locations":[{"start":{"line":19,"column":4},"end":{"line":21,"column":5}},{"start":{},"end":{}}],"line":19},"2":{"loc":{"start":{"line":23,"column":4},"end":{"line":25,"column":5}},"type":"if","locations":[{"start":{"line":23,"column":4},"end":{"line":25,"column":5}},{"start":{},"end":{}}],"line":23},"3":{"loc":{"start":{"line":30,"column":4},"end":{"line":30,"column":91}},"type":"if","locations":[{"start":{"line":30,"column":4},"end":{"line":30,"column":91}},{"start":{},"end":{}}],"line":30}},"s":{"0":7,"1":7,"2":6,"3":6,"4":6,"5":6,"6":7,"7":7,"8":1,"9":6,"10":6,"11":1,"12":5,"13":1,"14":4,"15":3,"16":3,"17":1,"18":2,"19":7},"f":{"0":6,"1":7},"b":{"0":[1,6],"1":[1,5],"2":[1,4],"3":[1,2]},"_coverageSchema":"1a1c01bbd47fc00a2c39e90264f33305004495a9","hash":"80dba1877b5848b42804800c8dba1c3f96e44721"}
,"C:\\hello-world\\Backend-project\\MENJADI Back End DEV EXPERT\\Submission\\Submission-forum-api-husadahts\\src\\Applications\\use_case\\GetThreadDetailUseCase.js": {"path":"C:\\hello-world\\Backend-project\\MENJADI Back End DEV EXPERT\\Submission\\Submission-forum-api-husadahts\\src\\Applications\\use_case\\GetThreadDetailUseCase.js","statementMap":{"0":{"start":{"line":3,"column":4},"end":{"line":3,"column":42}},"1":{"start":{"line":4,"column":4},"end":{"line":4,"column":46}},"2":{"start":{"line":5,"column":4},"end":{"line":5,"column":48}},"3":{"start":{"line":6,"column":4},"end":{"line":6,"column":44}},"4":{"start":{"line":10,"column":19},"end":{"line":10,"column":97}},"5":{"start":{"line":11,"column":21},"end":{"line":11,"column":100}},"6":{"start":{"line":14,"column":4},"end":{"line":16,"column":7}},"7":{"start":{"line":15,"column":6},"end":{"line":15,"column":69}},"8":{"start":{"line":19,"column":4},"end":{"line":26,"column":5}},"9":{"start":{"line":19,"column":17},"end":{"line":19,"column":18}},"10":{"start":{"line":20,"column":22},"end":{"line":20,"column":104}},"11":{"start":{"line":22,"column":6},"end":{"line":24,"column":9}},"12":{"start":{"line":23,"column":8},"end":{"line":23,"column":71}},"13":{"start":{"line":25,"column":6},"end":{"line":25,"column":36}},"14":{"start":{"line":28,"column":4},"end":{"line":28,"column":31}},"15":{"start":{"line":30,"column":4},"end":{"line":30,"column":18}},"16":{"start":{"line":34,"column":0},"end":{"line":34,"column":40}}},"fnMap":{"0":{"name":"(anonymous_0)","decl":{"start":{"line":2,"column":2},"end":{"line":2,"column":3}},"loc":{"start":{"line":2,"column":88},"end":{"line":7,"column":3}},"line":2},"1":{"name":"(anonymous_1)","decl":{"start":{"line":9,"column":2},"end":{"line":9,"column":3}},"loc":{"start":{"line":9,"column":32},"end":{"line":31,"column":3}},"line":9},"2":{"name":"(anonymous_2)","decl":{"start":{"line":14,"column":18},"end":{"line":14,"column":19}},"loc":{"start":{"line":14,"column":28},"end":{"line":16,"column":5}},"line":14},"3":{"name":"(anonymous_3)","decl":{"start":{"line":22,"column":19},"end":{"line":22,"column":20}},"loc":{"start":{"line":22,"column":29},"end":{"line":24,"column":7}},"line":22}},"branchMap":{},"s":{"0":4,"1":4,"2":4,"3":4,"4":5,"5":4,"6":4,"7":1,"8":4,"9":4,"10":4,"11":4,"12":1,"13":4,"14":4,"15":4,"16":7},"f":{"0":4,"1":5,"2":1,"3":1},"b":{},"_coverageSchema":"1a1c01bbd47fc00a2c39e90264f33305004495a9","hash":"fe3e02453584eeaa5fce2fcecd7ca63bdac86abd"}
,"C:\\hello-world\\Backend-project\\MENJADI Back End DEV EXPERT\\Submission\\Submission-forum-api-husadahts\\src\\Applications\\use_case\\LoginUserUseCase.js": {"path":"C:\\hello-world\\Backend-project\\MENJADI Back End DEV EXPERT\\Submission\\Submission-forum-api-husadahts\\src\\Applications\\use_case\\LoginUserUseCase.js","statementMap":{"0":{"start":{"line":1,"column":18},"end":{"line":1,"column":67}},"1":{"start":{"line":2,"column":26},"end":{"line":2,"column":83}},"2":{"start":{"line":11,"column":4},"end":{"line":11,"column":42}},"3":{"start":{"line":12,"column":4},"end":{"line":12,"column":62}},"4":{"start":{"line":13,"column":4},"end":{"line":13,"column":66}},"5":{"start":{"line":14,"column":4},"end":{"line":14,"column":38}},"6":{"start":{"line":18,"column":35},"end":{"line":18,"column":64}},"7":{"start":{"line":20,"column":30},"end":{"line":20,"column":88}},"8":{"start":{"line":22,"column":4},"end":{"line":22,"column":74}},"9":{"start":{"line":24,"column":15},"end":{"line":24,"column":67}},"10":{"start":{"line":26,"column":24},"end":{"line":27,"column":42}},"11":{"start":{"line":28,"column":25},"end":{"line":29,"column":43}},"12":{"start":{"line":31,"column":30},"end":{"line":34,"column":6}},"13":{"start":{"line":36,"column":4},"end":{"line":36,"column":82}},"14":{"start":{"line":38,"column":4},"end":{"line":38,"column":29}},"15":{"start":{"line":42,"column":0},"end":{"line":42,"column":34}}},"fnMap":{"0":{"name":"(anonymous_0)","decl":{"start":{"line":5,"column":2},"end":{"line":5,"column":3}},"loc":{"start":{"line":10,"column":5},"end":{"line":15,"column":3}},"line":10},"1":{"name":"(anonymous_1)","decl":{"start":{"line":17,"column":2},"end":{"line":17,"column":3}},"loc":{"start":{"line":17,"column":32},"end":{"line":39,"column":3}},"line":17}},"branchMap":{},"s":{"0":7,"1":7,"2":5,"3":5,"4":5,"5":5,"6":24,"7":22,"8":21,"9":20,"10":20,"11":20,"12":20,"13":20,"14":20,"15":7},"f":{"0":5,"1":24},"b":{},"_coverageSchema":"1a1c01bbd47fc00a2c39e90264f33305004495a9","hash":"3b1b962b9fe754f25e7fe5568ef30aad926e8b43"}
,"C:\\hello-world\\Backend-project\\MENJADI Back End DEV EXPERT\\Submission\\Submission-forum-api-husadahts\\src\\Applications\\use_case\\LogoutUserUseCase.js": {"path":"C:\\hello-world\\Backend-project\\MENJADI Back End DEV EXPERT\\Submission\\Submission-forum-api-husadahts\\src\\Applications\\use_case\\LogoutUserUseCase.js","statementMap":{"0":{"start":{"line":5,"column":4},"end":{"line":5,"column":62}},"1":{"start":{"line":9,"column":4},"end":{"line":9,"column":42}},"2":{"start":{"line":10,"column":29},"end":{"line":10,"column":43}},"3":{"start":{"line":11,"column":4},"end":{"line":11,"column":78}},"4":{"start":{"line":12,"column":4},"end":{"line":12,"column":67}},"5":{"start":{"line":16,"column":29},"end":{"line":16,"column":36}},"6":{"start":{"line":17,"column":4},"end":{"line":19,"column":5}},"7":{"start":{"line":18,"column":6},"end":{"line":18,"column":82}},"8":{"start":{"line":21,"column":4},"end":{"line":23,"column":5}},"9":{"start":{"line":22,"column":6},"end":{"line":22,"column":97}},"10":{"start":{"line":27,"column":0},"end":{"line":27,"column":35}}},"fnMap":{"0":{"name":"(anonymous_0)","decl":{"start":{"line":2,"column":2},"end":{"line":2,"column":3}},"loc":{"start":{"line":4,"column":5},"end":{"line":6,"column":3}},"line":4},"1":{"name":"(anonymous_1)","decl":{"start":{"line":8,"column":2},"end":{"line":8,"column":3}},"loc":{"start":{"line":8,"column":32},"end":{"line":13,"column":3}},"line":8},"2":{"name":"(anonymous_2)","decl":{"start":{"line":15,"column":2},"end":{"line":15,"column":3}},"loc":{"start":{"line":15,"column":28},"end":{"line":24,"column":3}},"line":15}},"branchMap":{"0":{"loc":{"start":{"line":17,"column":4},"end":{"line":19,"column":5}},"type":"if","locations":[{"start":{"line":17,"column":4},"end":{"line":19,"column":5}},{"start":{},"end":{}}],"line":17},"1":{"loc":{"start":{"line":21,"column":4},"end":{"line":23,"column":5}},"type":"if","locations":[{"start":{"line":21,"column":4},"end":{"line":23,"column":5}},{"start":{},"end":{}}],"line":21}},"s":{"0":4,"1":7,"2":3,"3":3,"4":2,"5":7,"6":7,"7":2,"8":5,"9":2,"10":7},"f":{"0":4,"1":7,"2":7},"b":{"0":[2,5],"1":[2,3]},"_coverageSchema":"1a1c01bbd47fc00a2c39e90264f33305004495a9","hash":"958b5588c408d01bea497e6eea4bd9ac35041a6c"}
,"C:\\hello-world\\Backend-project\\MENJADI Back End DEV EXPERT\\Submission\\Submission-forum-api-husadahts\\src\\Applications\\use_case\\RefreshAuthenticationUseCase.js": {"path":"C:\\hello-world\\Backend-project\\MENJADI Back End DEV EXPERT\\Submission\\Submission-forum-api-husadahts\\src\\Applications\\use_case\\RefreshAuthenticationUseCase.js","statementMap":{"0":{"start":{"line":6,"column":4},"end":{"line":6,"column":62}},"1":{"start":{"line":7,"column":4},"end":{"line":7,"column":66}},"2":{"start":{"line":11,"column":4},"end":{"line":11,"column":40}},"3":{"start":{"line":12,"column":29},"end":{"line":12,"column":43}},"4":{"start":{"line":14,"column":4},"end":{"line":14,"column":76}},"5":{"start":{"line":15,"column":4},"end":{"line":15,"column":78}},"6":{"start":{"line":17,"column":29},"end":{"line":17,"column":95}},"7":{"start":{"line":19,"column":4},"end":{"line":19,"column":80}},"8":{"start":{"line":23,"column":29},"end":{"line":23,"column":36}},"9":{"start":{"line":25,"column":4},"end":{"line":27,"column":5}},"10":{"start":{"line":26,"column":6},"end":{"line":26,"column":83}},"11":{"start":{"line":29,"column":4},"end":{"line":31,"column":5}},"12":{"start":{"line":30,"column":6},"end":{"line":30,"column":98}},"13":{"start":{"line":35,"column":0},"end":{"line":35,"column":46}}},"fnMap":{"0":{"name":"(anonymous_0)","decl":{"start":{"line":2,"column":2},"end":{"line":2,"column":3}},"loc":{"start":{"line":5,"column":5},"end":{"line":8,"column":3}},"line":5},"1":{"name":"(anonymous_1)","decl":{"start":{"line":10,"column":2},"end":{"line":10,"column":3}},"loc":{"start":{"line":10,"column":32},"end":{"line":20,"column":3}},"line":10},"2":{"name":"(anonymous_2)","decl":{"start":{"line":22,"column":2},"end":{"line":22,"column":3}},"loc":{"start":{"line":22,"column":26},"end":{"line":32,"column":3}},"line":22}},"branchMap":{"0":{"loc":{"start":{"line":25,"column":4},"end":{"line":27,"column":5}},"type":"if","locations":[{"start":{"line":25,"column":4},"end":{"line":27,"column":5}},{"start":{},"end":{}}],"line":25},"1":{"loc":{"start":{"line":29,"column":4},"end":{"line":31,"column":5}},"type":"if","locations":[{"start":{"line":29,"column":4},"end":{"line":31,"column":5}},{"start":{},"end":{}}],"line":29}},"s":{"0":4,"1":4,"2":8,"3":4,"4":4,"5":3,"6":2,"7":2,"8":8,"9":8,"10":2,"11":6,"12":2,"13":7},"f":{"0":4,"1":8,"2":8},"b":{"0":[2,6],"1":[2,4]},"_coverageSchema":"1a1c01bbd47fc00a2c39e90264f33305004495a9","hash":"90504a0fc466f9f915b277692fb3f5a9c8f87db3"}
,"C:\\hello-world\\Backend-project\\MENJADI Back End DEV EXPERT\\Submission\\Submission-forum-api-husadahts\\src\\Commons\\exceptions\\AuthenticationError.js": {"path":"C:\\hello-world\\Backend-project\\MENJADI Back End DEV EXPERT\\Submission\\Submission-forum-api-husadahts\\src\\Commons\\exceptions\\AuthenticationError.js","statementMap":{"0":{"start":{"line":1,"column":20},"end":{"line":1,"column":44}},"1":{"start":{"line":5,"column":4},"end":{"line":5,"column":24}},"2":{"start":{"line":6,"column":4},"end":{"line":6,"column":38}},"3":{"start":{"line":10,"column":0},"end":{"line":10,"column":37}}},"fnMap":{"0":{"name":"(anonymous_0)","decl":{"start":{"line":4,"column":2},"end":{"line":4,"column":3}},"loc":{"start":{"line":4,"column":23},"end":{"line":7,"column":3}},"line":4}},"branchMap":{},"s":{"0":7,"1":3,"2":3,"3":7},"f":{"0":3},"b":{},"_coverageSchema":"1a1c01bbd47fc00a2c39e90264f33305004495a9","hash":"3f1c510117c699b44425fede400e442e333e6445"}
,"C:\\hello-world\\Backend-project\\MENJADI Back End DEV EXPERT\\Submission\\Submission-forum-api-husadahts\\src\\Commons\\exceptions\\AuthorizationError.js": {"path":"C:\\hello-world\\Backend-project\\MENJADI Back End DEV EXPERT\\Submission\\Submission-forum-api-husadahts\\src\\Commons\\exceptions\\AuthorizationError.js","statementMap":{"0":{"start":{"line":1,"column":20},"end":{"line":1,"column":44}},"1":{"start":{"line":5,"column":4},"end":{"line":5,"column":24}},"2":{"start":{"line":6,"column":4},"end":{"line":6,"column":37}},"3":{"start":{"line":10,"column":0},"end":{"line":10,"column":36}}},"fnMap":{"0":{"name":"(anonymous_0)","decl":{"start":{"line":4,"column":2},"end":{"line":4,"column":3}},"loc":{"start":{"line":4,"column":23},"end":{"line":7,"column":3}},"line":4}},"branchMap":{},"s":{"0":10,"1":4,"2":4,"3":10},"f":{"0":4},"b":{},"_coverageSchema":"1a1c01bbd47fc00a2c39e90264f33305004495a9","hash":"b74f0178c3b3eecab3423ee7ceee97e2e5b08de5"}
,"C:\\hello-world\\Backend-project\\MENJADI Back End DEV EXPERT\\Submission\\Submission-forum-api-husadahts\\src\\Commons\\exceptions\\ClientError.js": {"path":"C:\\hello-world\\Backend-project\\MENJADI Back End DEV EXPERT\\Submission\\Submission-forum-api-husadahts\\src\\Commons\\exceptions\\ClientError.js","statementMap":{"0":{"start":{"line":3,"column":4},"end":{"line":3,"column":19}},"1":{"start":{"line":5,"column":4},"end":{"line":7,"column":5}},"2":{"start":{"line":6,"column":6},"end":{"line":6,"column":59}},"3":{"start":{"line":9,"column":4},"end":{"line":9,"column":33}},"4":{"start":{"line":10,"column":4},"end":{"line":10,"column":30}},"5":{"start":{"line":14,"column":0},"end":{"line":14,"column":29}}},"fnMap":{"0":{"name":"(anonymous_0)","decl":{"start":{"line":2,"column":2},"end":{"line":2,"column":3}},"loc":{"start":{"line":2,"column":41},"end":{"line":11,"column":3}},"line":2}},"branchMap":{"0":{"loc":{"start":{"line":2,"column":23},"end":{"line":2,"column":39}},"type":"default-arg","locations":[{"start":{"line":2,"column":36},"end":{"line":2,"column":39}}],"line":2},"1":{"loc":{"start":{"line":5,"column":4},"end":{"line":7,"column":5}},"type":"if","locations":[{"start":{"line":5,"column":4},"end":{"line":7,"column":5}},{"start":{},"end":{}}],"line":5}},"s":{"0":168,"1":168,"2":1,"3":167,"4":167,"5":22},"f":{"0":168},"b":{"0":[147],"1":[1,167]},"_coverageSchema":"1a1c01bbd47fc00a2c39e90264f33305004495a9","hash":"c0f9c323c5be914448d1d6e50c769b9227e6fa4b"}
,"C:\\hello-world\\Backend-project\\MENJADI Back End DEV EXPERT\\Submission\\Submission-forum-api-husadahts\\src\\Commons\\exceptions\\DomainErrorTranslator.js": {"path":"C:\\hello-world\\Backend-project\\MENJADI Back End DEV EXPERT\\Submission\\Submission-forum-api-husadahts\\src\\Commons\\exceptions\\DomainErrorTranslator.js","statementMap":{"0":{"start":{"line":1,"column":23},"end":{"line":1,"column":50}},"1":{"start":{"line":3,"column":30},"end":{"line":7,"column":1}},"2":{"start":{"line":5,"column":4},"end":{"line":5,"column":70}},"3":{"start":{"line":9,"column":0},"end":{"line":28,"column":2}},"4":{"start":{"line":30,"column":0},"end":{"line":30,"column":39}}},"fnMap":{"0":{"name":"(anonymous_0)","decl":{"start":{"line":4,"column":2},"end":{"line":4,"column":3}},"loc":{"start":{"line":4,"column":19},"end":{"line":6,"column":3}},"line":4}},"branchMap":{"0":{"loc":{"start":{"line":5,"column":11},"end":{"line":5,"column":69}},"type":"binary-expr","locations":[{"start":{"line":5,"column":11},"end":{"line":5,"column":60}},{"start":{"line":5,"column":64},"end":{"line":5,"column":69}}],"line":5}},"s":{"0":7,"1":7,"2":34,"3":7,"4":7},"f":{"0":34},"b":{"0":[34,14]},"_coverageSchema":"1a1c01bbd47fc00a2c39e90264f33305004495a9","hash":"3769cd39175a73e85e99a236f372340ee559c36a"}
,"C:\\hello-world\\Backend-project\\MENJADI Back End DEV EXPERT\\Submission\\Submission-forum-api-husadahts\\src\\Commons\\exceptions\\InvariantError.js": {"path":"C:\\hello-world\\Backend-project\\MENJADI Back End DEV EXPERT\\Submission\\Submission-forum-api-husadahts\\src\\Commons\\exceptions\\InvariantError.js","statementMap":{"0":{"start":{"line":1,"column":20},"end":{"line":1,"column":44}},"1":{"start":{"line":5,"column":4},"end":{"line":5,"column":19}},"2":{"start":{"line":6,"column":4},"end":{"line":6,"column":33}},"3":{"start":{"line":10,"column":0},"end":{"line":10,"column":32}}},"fnMap":{"0":{"name":"(anonymous_0)","decl":{"start":{"line":4,"column":2},"end":{"line":4,"column":3}},"loc":{"start":{"line":4,"column":23},"end":{"line":7,"column":3}},"line":4}},"branchMap":{},"s":{"0":13,"1":146,"2":146,"3":13},"f":{"0":146},"b":{},"_coverageSchema":"1a1c01bbd47fc00a2c39e90264f33305004495a9","hash":"8b91c89deb328d8d9d387a197b626bedc1b57044"}
,"C:\\hello-world\\Backend-project\\MENJADI Back End DEV EXPERT\\Submission\\Submission-forum-api-husadahts\\src\\Commons\\exceptions\\NotFoundError.js": {"path":"C:\\hello-world\\Backend-project\\MENJADI Back End DEV EXPERT\\Submission\\Submission-forum-api-husadahts\\src\\Commons\\exceptions\\NotFoundError.js","statementMap":{"0":{"start":{"line":1,"column":20},"end":{"line":1,"column":44}},"1":{"start":{"line":5,"column":4},"end":{"line":5,"column":24}},"2":{"start":{"line":6,"column":4},"end":{"line":6,"column":32}},"3":{"start":{"line":10,"column":0},"end":{"line":10,"column":31}}},"fnMap":{"0":{"name":"(anonymous_0)","decl":{"start":{"line":4,"column":2},"end":{"line":4,"column":3}},"loc":{"start":{"line":4,"column":23},"end":{"line":7,"column":3}},"line":4}},"branchMap":{},"s":{"0":13,"1":14,"2":14,"3":13},"f":{"0":14},"b":{},"_coverageSchema":"1a1c01bbd47fc00a2c39e90264f33305004495a9","hash":"fda7356547497e6d7a1d8c4086d7da083a3bec47"}
,"C:\\hello-world\\Backend-project\\MENJADI Back End DEV EXPERT\\Submission\\Submission-forum-api-husadahts\\src\\Domains\\authentications\\AuthenticationRepository.js": {"path":"C:\\hello-world\\Backend-project\\MENJADI Back End DEV EXPERT\\Submission\\Submission-forum-api-husadahts\\src\\Domains\\authentications\\AuthenticationRepository.js","statementMap":{"0":{"start":{"line":3,"column":4},"end":{"line":3,"column":72}},"1":{"start":{"line":7,"column":4},"end":{"line":7,"column":72}},"2":{"start":{"line":11,"column":4},"end":{"line":11,"column":72}},"3":{"start":{"line":15,"column":0},"end":{"line":15,"column":42}}},"fnMap":{"0":{"name":"(anonymous_0)","decl":{"start":{"line":2,"column":2},"end":{"line":2,"column":3}},"loc":{"start":{"line":2,"column":24},"end":{"line":4,"column":3}},"line":2},"1":{"name":"(anonymous_1)","decl":{"start":{"line":6,"column":2},"end":{"line":6,"column":3}},"loc":{"start":{"line":6,"column":38},"end":{"line":8,"column":3}},"line":6},"2":{"name":"(anonymous_2)","decl":{"start":{"line":10,"column":2},"end":{"line":10,"column":3}},"loc":{"start":{"line":10,"column":27},"end":{"line":12,"column":3}},"line":10}},"branchMap":{},"s":{"0":1,"1":1,"2":1,"3":11},"f":{"0":1,"1":1,"2":1},"b":{},"_coverageSchema":"1a1c01bbd47fc00a2c39e90264f33305004495a9","hash":"82d4b0f975ff5c897804bd50448d4e48b79c90cf"}
,"C:\\hello-world\\Backend-project\\MENJADI Back End DEV EXPERT\\Submission\\Submission-forum-api-husadahts\\src\\Domains\\authentications\\entities\\NewAuth.js": {"path":"C:\\hello-world\\Backend-project\\MENJADI Back End DEV EXPERT\\Submission\\Submission-forum-api-husadahts\\src\\Domains\\authentications\\entities\\NewAuth.js","statementMap":{"0":{"start":{"line":3,"column":4},"end":{"line":3,"column":33}},"1":{"start":{"line":5,"column":4},"end":{"line":5,"column":43}},"2":{"start":{"line":6,"column":4},"end":{"line":6,"column":45}},"3":{"start":{"line":10,"column":42},"end":{"line":10,"column":49}},"4":{"start":{"line":12,"column":4},"end":{"line":14,"column":5}},"5":{"start":{"line":13,"column":6},"end":{"line":13,"column":62}},"6":{"start":{"line":16,"column":4},"end":{"line":18,"column":5}},"7":{"start":{"line":17,"column":6},"end":{"line":17,"column":67}},"8":{"start":{"line":22,"column":0},"end":{"line":22,"column":25}}},"fnMap":{"0":{"name":"(anonymous_0)","decl":{"start":{"line":2,"column":2},"end":{"line":2,"column":3}},"loc":{"start":{"line":2,"column":23},"end":{"line":7,"column":3}},"line":2},"1":{"name":"(anonymous_1)","decl":{"start":{"line":9,"column":2},"end":{"line":9,"column":3}},"loc":{"start":{"line":9,"column":26},"end":{"line":19,"column":3}},"line":9}},"branchMap":{"0":{"loc":{"start":{"line":12,"column":4},"end":{"line":14,"column":5}},"type":"if","locations":[{"start":{"line":12,"column":4},"end":{"line":14,"column":5}},{"start":{},"end":{}}],"line":12},"1":{"loc":{"start":{"line":12,"column":8},"end":{"line":12,"column":37}},"type":"binary-expr","locations":[{"start":{"line":12,"column":8},"end":{"line":12,"column":20}},{"start":{"line":12,"column":24},"end":{"line":12,"column":37}}],"line":12},"2":{"loc":{"start":{"line":16,"column":4},"end":{"line":18,"column":5}},"type":"if","locations":[{"start":{"line":16,"column":4},"end":{"line":18,"column":5}},{"start":{},"end":{}}],"line":16},"3":{"loc":{"start":{"line":16,"column":8},"end":{"line":16,"column":75}},"type":"binary-expr","locations":[{"start":{"line":16,"column":8},"end":{"line":16,"column":39}},{"start":{"line":16,"column":43},"end":{"line":16,"column":75}}],"line":16}},"s":{"0":24,"1":22,"2":22,"3":24,"4":24,"5":1,"6":23,"7":1,"8":8},"f":{"0":24,"1":24},"b":{"0":[1,23],"1":[24,24],"2":[1,22],"3":[23,23]},"_coverageSchema":"1a1c01bbd47fc00a2c39e90264f33305004495a9","hash":"326023f838d00ed0a8c065f50b0969afb344df29"}
,"C:\\hello-world\\Backend-project\\MENJADI Back End DEV EXPERT\\Submission\\Submission-forum-api-husadahts\\src\\Domains\\comments\\CommentRepository.js": {"path":"C:\\hello-world\\Backend-project\\MENJADI Back End DEV EXPERT\\Submission\\Submission-forum-api-husadahts\\src\\Domains\\comments\\CommentRepository.js","statementMap":{"0":{"start":{"line":4,"column":4},"end":{"line":4,"column":65}},"1":{"start":{"line":9,"column":4},"end":{"line":9,"column":65}},"2":{"start":{"line":14,"column":4},"end":{"line":14,"column":65}},"3":{"start":{"line":19,"column":4},"end":{"line":19,"column":65}},"4":{"start":{"line":23,"column":0},"end":{"line":23,"column":35}}},"fnMap":{"0":{"name":"(anonymous_0)","decl":{"start":{"line":3,"column":2},"end":{"line":3,"column":3}},"loc":{"start":{"line":3,"column":33},"end":{"line":5,"column":3}},"line":3},"1":{"name":"(anonymous_1)","decl":{"start":{"line":8,"column":2},"end":{"line":8,"column":3}},"loc":{"start":{"line":8,"column":44},"end":{"line":10,"column":3}},"line":8},"2":{"name":"(anonymous_2)","decl":{"start":{"line":13,"column":2},"end":{"line":13,"column":3}},"loc":{"start":{"line":13,"column":25},"end":{"line":15,"column":3}},"line":13},"3":{"name":"(anonymous_3)","decl":{"start":{"line":18,"column":2},"end":{"line":18,"column":3}},"loc":{"start":{"line":18,"column":58},"end":{"line":20,"column":3}},"line":18}},"branchMap":{},"s":{"0":1,"1":1,"2":1,"3":1,"4":12},"f":{"0":1,"1":1,"2":1,"3":1},"b":{},"_coverageSchema":"1a1c01bbd47fc00a2c39e90264f33305004495a9","hash":"a45f5db89712e3e765394250cf657695c6fc9383"}
,"C:\\hello-world\\Backend-project\\MENJADI Back End DEV EXPERT\\Submission\\Submission-forum-api-husadahts\\src\\Domains\\comments\\entities\\AddComment.js": {"path":"C:\\hello-world\\Backend-project\\MENJADI Back End DEV EXPERT\\Submission\\Submission-forum-api-husadahts\\src\\Domains\\comments\\entities\\AddComment.js","statementMap":{"0":{"start":{"line":3,"column":4},"end":{"line":3,"column":33}},"1":{"start":{"line":5,"column":45},"end":{"line":5,"column":52}},"2":{"start":{"line":7,"column":4},"end":{"line":7,"column":29}},"3":{"start":{"line":8,"column":4},"end":{"line":8,"column":31}},"4":{"start":{"line":9,"column":4},"end":{"line":9,"column":27}},"5":{"start":{"line":13,"column":4},"end":{"line":15,"column":5}},"6":{"start":{"line":14,"column":6},"end":{"line":14,"column":65}},"7":{"start":{"line":17,"column":4},"end":{"line":23,"column":5}},"8":{"start":{"line":22,"column":6},"end":{"line":22,"column":70}},"9":{"start":{"line":27,"column":0},"end":{"line":27,"column":28}}},"fnMap":{"0":{"name":"(anonymous_0)","decl":{"start":{"line":2,"column":2},"end":{"line":2,"column":3}},"loc":{"start":{"line":2,"column":23},"end":{"line":10,"column":3}},"line":2},"1":{"name":"(anonymous_1)","decl":{"start":{"line":12,"column":2},"end":{"line":12,"column":3}},"loc":{"start":{"line":12,"column":51},"end":{"line":24,"column":3}},"line":12}},"branchMap":{"0":{"loc":{"start":{"line":13,"column":4},"end":{"line":15,"column":5}},"type":"if","locations":[{"start":{"line":13,"column":4},"end":{"line":15,"column":5}},{"start":{},"end":{}}],"line":13},"1":{"loc":{"start":{"line":13,"column":8},"end":{"line":13,"column":43}},"type":"binary-expr","locations":[{"start":{"line":13,"column":8},"end":{"line":13,"column":17}},{"start":{"line":13,"column":21},"end":{"line":13,"column":31}},{"start":{"line":13,"column":35},"end":{"line":13,"column":43}}],"line":13},"2":{"loc":{"start":{"line":17,"column":4},"end":{"line":23,"column":5}},"type":"if","locations":[{"start":{"line":17,"column":4},"end":{"line":23,"column":5}},{"start":{},"end":{}}],"line":17},"3":{"loc":{"start":{"line":18,"column":6},"end":{"line":20,"column":33}},"type":"binary-expr","locations":[{"start":{"line":18,"column":6},"end":{"line":18,"column":34}},{"start":{"line":19,"column":6},"end":{"line":19,"column":35}},{"start":{"line":20,"column":6},"end":{"line":20,"column":33}}],"line":18}},"s":{"0":18,"1":14,"2":14,"3":14,"4":14,"5":18,"6":2,"7":16,"8":2,"9":9},"f":{"0":18,"1":18},"b":{"0":[2,16],"1":[18,18,17],"2":[2,14],"3":[16,16,15]},"_coverageSchema":"1a1c01bbd47fc00a2c39e90264f33305004495a9","hash":"e65beb9fa59cf9e997250e05196feb51bd57c9cc"}
,"C:\\hello-world\\Backend-project\\MENJADI Back End DEV EXPERT\\Submission\\Submission-forum-api-husadahts\\src\\Domains\\comments\\entities\\AddedComment.js": {"path":"C:\\hello-world\\Backend-project\\MENJADI Back End DEV EXPERT\\Submission\\Submission-forum-api-husadahts\\src\\Domains\\comments\\entities\\AddedComment.js","statementMap":{"0":{"start":{"line":3,"column":4},"end":{"line":3,"column":17}},"1":{"start":{"line":4,"column":4},"end":{"line":4,"column":29}},"2":{"start":{"line":5,"column":4},"end":{"line":5,"column":31}},"3":{"start":{"line":6,"column":4},"end":{"line":6,"column":27}},"4":{"start":{"line":7,"column":4},"end":{"line":7,"column":33}},"5":{"start":{"line":8,"column":4},"end":{"line":8,"column":33}},"6":{"start":{"line":9,"column":4},"end":{"line":9,"column":26}},"7":{"start":{"line":13,"column":4},"end":{"line":15,"column":5}},"8":{"start":{"line":14,"column":6},"end":{"line":14,"column":67}},"9":{"start":{"line":17,"column":4},"end":{"line":19,"column":5}},"10":{"start":{"line":18,"column":6},"end":{"line":18,"column":72}},"11":{"start":{"line":23,"column":0},"end":{"line":23,"column":30}}},"fnMap":{"0":{"name":"(anonymous_0)","decl":{"start":{"line":2,"column":2},"end":{"line":2,"column":3}},"loc":{"start":{"line":2,"column":76},"end":{"line":10,"column":3}},"line":2},"1":{"name":"(anonymous_1)","decl":{"start":{"line":12,"column":2},"end":{"line":12,"column":3}},"loc":{"start":{"line":12,"column":19},"end":{"line":20,"column":3}},"line":12}},"branchMap":{"0":{"loc":{"start":{"line":13,"column":4},"end":{"line":15,"column":5}},"type":"if","locations":[{"start":{"line":13,"column":4},"end":{"line":15,"column":5}},{"start":{},"end":{}}],"line":13},"1":{"loc":{"start":{"line":13,"column":8},"end":{"line":13,"column":90}},"type":"binary-expr","locations":[{"start":{"line":13,"column":8},"end":{"line":13,"column":16}},{"start":{"line":13,"column":20},"end":{"line":13,"column":34}},{"start":{"line":13,"column":38},"end":{"line":13,"column":53}},{"start":{"line":13,"column":57},"end":{"line":13,"column":70}},{"start":{"line":13,"column":74},"end":{"line":13,"column":90}}],"line":13},"2":{"loc":{"start":{"line":17,"column":4},"end":{"line":19,"column":5}},"type":"if","locations":[{"start":{"line":17,"column":4},"end":{"line":19,"column":5}},{"start":{},"end":{}}],"line":17},"3":{"loc":{"start":{"line":17,"column":8},"end":{"line":17,"column":185}},"type":"binary-expr","locations":[{"start":{"line":17,"column":8},"end":{"line":17,"column":35}},{"start":{"line":17,"column":39},"end":{"line":17,"column":73}},{"start":{"line":17,"column":77},"end":{"line":17,"column":110}},{"start":{"line":17,"column":114},"end":{"line":17,"column":146}},{"start":{"line":17,"column":150},"end":{"line":17,"column":185}}],"line":17}},"s":{"0":15,"1":15,"2":15,"3":15,"4":15,"5":15,"6":15,"7":15,"8":1,"9":14,"10":1,"11":9},"f":{"0":15,"1":15},"b":{"0":[1,14],"1":[15,14,14,14,14],"2":[1,13],"3":[14,13,13,13,13]},"_coverageSchema":"1a1c01bbd47fc00a2c39e90264f33305004495a9","hash":"92322378f78a781c59f61b467868f4df6ad79e31"}
,"C:\\hello-world\\Backend-project\\MENJADI Back End DEV EXPERT\\Submission\\Submission-forum-api-husadahts\\src\\Domains\\comments\\entities\\CommentDetail.js": {"path":"C:\\hello-world\\Backend-project\\MENJADI Back End DEV EXPERT\\Submission\\Submission-forum-api-husadahts\\src\\Domains\\comments\\entities\\CommentDetail.js","statementMap":{"0":{"start":{"line":3,"column":4},"end":{"line":3,"column":33}},"1":{"start":{"line":5,"column":70},"end":{"line":5,"column":77}},"2":{"start":{"line":7,"column":4},"end":{"line":7,"column":17}},"3":{"start":{"line":8,"column":4},"end":{"line":8,"column":29}},"4":{"start":{"line":9,"column":4},"end":{"line":9,"column":27}},"5":{"start":{"line":10,"column":4},"end":{"line":10,"column":71}},"6":{"start":{"line":11,"column":4},"end":{"line":11,"column":27}},"7":{"start":{"line":16,"column":4},"end":{"line":18,"column":5}},"8":{"start":{"line":17,"column":6},"end":{"line":17,"column":68}},"9":{"start":{"line":20,"column":4},"end":{"line":22,"column":5}},"10":{"start":{"line":21,"column":6},"end":{"line":21,"column":73}},"11":{"start":{"line":26,"column":0},"end":{"line":26,"column":31}}},"fnMap":{"0":{"name":"(anonymous_0)","decl":{"start":{"line":2,"column":2},"end":{"line":2,"column":3}},"loc":{"start":{"line":2,"column":23},"end":{"line":13,"column":3}},"line":2},"1":{"name":"(anonymous_1)","decl":{"start":{"line":15,"column":2},"end":{"line":15,"column":3}},"loc":{"start":{"line":15,"column":55},"end":{"line":23,"column":3}},"line":15}},"branchMap":{"0":{"loc":{"start":{"line":10,"column":19},"end":{"line":10,"column":70}},"type":"cond-expr","locations":[{"start":{"line":10,"column":32},"end":{"line":10,"column":60}},{"start":{"line":10,"column":63},"end":{"line":10,"column":70}}],"line":10},"1":{"loc":{"start":{"line":16,"column":4},"end":{"line":18,"column":5}},"type":"if","locations":[{"start":{"line":16,"column":4},"end":{"line":18,"column":5}},{"start":{},"end":{}}],"line":16},"2":{"loc":{"start":{"line":16,"column":8},"end":{"line":16,"column":51}},"type":"binary-expr","locations":[{"start":{"line":16,"column":8},"end":{"line":16,"column":11}},{"start":{"line":16,"column":15},"end":{"line":16,"column":24}},{"start":{"line":16,"column":28},"end":{"line":16,"column":36}},{"start":{"line":16,"column":40},"end":{"line":16,"column":51}}],"line":16},"3":{"loc":{"start":{"line":20,"column":4},"end":{"line":22,"column":5}},"type":"if","locations":[{"start":{"line":20,"column":4},"end":{"line":22,"column":5}},{"start":{},"end":{}}],"line":20},"4":{"loc":{"start":{"line":20,"column":8},"end":{"line":20,"column":127}},"type":"binary-expr","locations":[{"start":{"line":20,"column":8},"end":{"line":20,"column":30}},{"start":{"line":20,"column":34},"end":{"line":20,"column":62}},{"start":{"line":20,"column":66},"end":{"line":20,"column":93}},{"start":{"line":20,"column":97},"end":{"line":20,"column":127}}],"line":20}},"s":{"0":20,"1":18,"2":18,"3":18,"4":18,"5":18,"6":18,"7":20,"8":1,"9":19,"10":1,"11":8},"f":{"0":20,"1":20},"b":{"0":[1,17],"1":[1,19],"2":[20,20,19,19],"3":[1,18],"4":[19,18,18,18]},"_coverageSchema":"1a1c01bbd47fc00a2c39e90264f33305004495a9","hash":"a991ef03b210180f104e0c16361a15db5841c4dd"}
,"C:\\hello-world\\Backend-project\\MENJADI Back End DEV EXPERT\\Submission\\Submission-forum-api-husadahts\\src\\Domains\\replies\\ReplyRepository.js": {"path":"C:\\hello-world\\Backend-project\\MENJADI Back End DEV EXPERT\\Submission\\Submission-forum-api-husadahts\\src\\Domains\\replies\\ReplyRepository.js","statementMap":{"0":{"start":{"line":3,"column":4},"end":{"line":3,"column":63}},"1":{"start":{"line":7,"column":4},"end":{"line":7,"column":63}},"2":{"start":{"line":11,"column":4},"end":{"line":11,"column":63}},"3":{"start":{"line":15,"column":4},"end":{"line":15,"column":63}},"4":{"start":{"line":19,"column":0},"end":{"line":19,"column":33}}},"fnMap":{"0":{"name":"(anonymous_0)","decl":{"start":{"line":2,"column":2},"end":{"line":2,"column":3}},"loc":{"start":{"line":2,"column":29},"end":{"line":4,"column":3}},"line":2},"1":{"name":"(anonymous_1)","decl":{"start":{"line":6,"column":2},"end":{"line":6,"column":3}},"loc":{"start":{"line":6,"column":42},"end":{"line":8,"column":3}},"line":6},"2":{"name":"(anonymous_2)","decl":{"start":{"line":10,"column":2},"end":{"line":10,"column":3}},"loc":{"start":{"line":10,"column":23},"end":{"line":12,"column":3}},"line":10},"3":{"name":"(anonymous_3)","decl":{"start":{"line":14,"column":2},"end":{"line":14,"column":3}},"loc":{"start":{"line":14,"column":59},"end":{"line":16,"column":3}},"line":14}},"branchMap":{},"s":{"0":1,"1":1,"2":1,"3":1,"4":10},"f":{"0":1,"1":1,"2":1,"3":1},"b":{},"_coverageSchema":"1a1c01bbd47fc00a2c39e90264f33305004495a9","hash":"5a8c09c373fd163dad3bfb7a8a4c46fd4e973356"}
,"C:\\hello-world\\Backend-project\\MENJADI Back End DEV EXPERT\\Submission\\Submission-forum-api-husadahts\\src\\Domains\\replies\\entities\\AddReply.js": {"path":"C:\\hello-world\\Backend-project\\MENJADI Back End DEV EXPERT\\Submission\\Submission-forum-api-husadahts\\src\\Domains\\replies\\entities\\AddReply.js","statementMap":{"0":{"start":{"line":3,"column":4},"end":{"line":3,"column":33}},"1":{"start":{"line":5,"column":46},"end":{"line":5,"column":53}},"2":{"start":{"line":7,"column":4},"end":{"line":7,"column":29}},"3":{"start":{"line":8,"column":4},"end":{"line":8,"column":33}},"4":{"start":{"line":9,"column":4},"end":{"line":9,"column":27}},"5":{"start":{"line":13,"column":4},"end":{"line":15,"column":5}},"6":{"start":{"line":14,"column":6},"end":{"line":14,"column":63}},"7":{"start":{"line":17,"column":4},"end":{"line":19,"column":5}},"8":{"start":{"line":18,"column":6},"end":{"line":18,"column":68}},"9":{"start":{"line":23,"column":0},"end":{"line":23,"column":26}}},"fnMap":{"0":{"name":"(anonymous_0)","decl":{"start":{"line":2,"column":2},"end":{"line":2,"column":3}},"loc":{"start":{"line":2,"column":23},"end":{"line":10,"column":3}},"line":2},"1":{"name":"(anonymous_1)","decl":{"start":{"line":12,"column":2},"end":{"line":12,"column":3}},"loc":{"start":{"line":12,"column":52},"end":{"line":20,"column":3}},"line":12}},"branchMap":{"0":{"loc":{"start":{"line":13,"column":4},"end":{"line":15,"column":5}},"type":"if","locations":[{"start":{"line":13,"column":4},"end":{"line":15,"column":5}},{"start":{},"end":{}}],"line":13},"1":{"loc":{"start":{"line":13,"column":8},"end":{"line":13,"column":44}},"type":"binary-expr","locations":[{"start":{"line":13,"column":8},"end":{"line":13,"column":17}},{"start":{"line":13,"column":21},"end":{"line":13,"column":32}},{"start":{"line":13,"column":36},"end":{"line":13,"column":44}}],"line":13},"2":{"loc":{"start":{"line":17,"column":4},"end":{"line":19,"column":5}},"type":"if","locations":[{"start":{"line":17,"column":4},"end":{"line":19,"column":5}},{"start":{},"end":{}}],"line":17},"3":{"loc":{"start":{"line":17,"column":8},"end":{"line":17,"column":101}},"type":"binary-expr","locations":[{"start":{"line":17,"column":8},"end":{"line":17,"column":36}},{"start":{"line":17,"column":40},"end":{"line":17,"column":70}},{"start":{"line":17,"column":74},"end":{"line":17,"column":101}}],"line":17}},"s":{"0":12,"1":8,"2":8,"3":8,"4":8,"5":12,"6":2,"7":10,"8":2,"9":9},"f":{"0":12,"1":12},"b":{"0":[2,10],"1":[12,12,11],"2":[2,8],"3":[10,10,9]},"_coverageSchema":"1a1c01bbd47fc00a2c39e90264f33305004495a9","hash":"13c0a1a6c420504061467a250d9eca826e098ba9"}
,"C:\\hello-world\\Backend-project\\MENJADI Back End DEV EXPERT\\Submission\\Submission-forum-api-husadahts\\src\\Domains\\replies\\entities\\AddedReply.js": {"path":"C:\\hello-world\\Backend-project\\MENJADI Back End DEV EXPERT\\Submission\\Submission-forum-api-husadahts\\src\\Domains\\replies\\entities\\AddedReply.js","statementMap":{"0":{"start":{"line":3,"column":4},"end":{"line":3,"column":33}},"1":{"start":{"line":5,"column":74},"end":{"line":5,"column":81}},"2":{"start":{"line":7,"column":4},"end":{"line":7,"column":17}},"3":{"start":{"line":8,"column":4},"end":{"line":8,"column":29}},"4":{"start":{"line":9,"column":4},"end":{"line":9,"column":33}},"5":{"start":{"line":10,"column":4},"end":{"line":10,"column":27}},"6":{"start":{"line":11,"column":4},"end":{"line":11,"column":33}},"7":{"start":{"line":12,"column":4},"end":{"line":12,"column":33}},"8":{"start":{"line":16,"column":4},"end":{"line":18,"column":5}},"9":{"start":{"line":17,"column":6},"end":{"line":17,"column":65}},"10":{"start":{"line":20,"column":4},"end":{"line":22,"column":5}},"11":{"start":{"line":21,"column":6},"end":{"line":21,"column":70}},"12":{"start":{"line":26,"column":0},"end":{"line":26,"column":28}}},"fnMap":{"0":{"name":"(anonymous_0)","decl":{"start":{"line":2,"column":2},"end":{"line":2,"column":3}},"loc":{"start":{"line":2,"column":23},"end":{"line":13,"column":3}},"line":2},"1":{"name":"(anonymous_1)","decl":{"start":{"line":15,"column":2},"end":{"line":15,"column":3}},"loc":{"start":{"line":15,"column":80},"end":{"line":23,"column":3}},"line":15}},"branchMap":{"0":{"loc":{"start":{"line":16,"column":4},"end":{"line":18,"column":5}},"type":"if","locations":[{"start":{"line":16,"column":4},"end":{"line":18,"column":5}},{"start":{},"end":{}}],"line":16},"1":{"loc":{"start":{"line":16,"column":8},"end":{"line":16,"column":66}},"type":"binary-expr","locations":[{"start":{"line":16,"column":8},"end":{"line":16,"column":11}},{"start":{"line":16,"column":15},"end":{"line":16,"column":24}},{"start":{"line":16,"column":28},"end":{"line":16,"column":39}},{"start":{"line":16,"column":43},"end":{"line":16,"column":51}},{"start":{"line":16,"column":55},"end":{"line":16,"column":66}}],"line":16},"2":{"loc":{"start":{"line":20,"column":4},"end":{"line":22,"column":5}},"type":"if","locations":[{"start":{"line":20,"column":4},"end":{"line":22,"column":5}},{"start":{},"end":{}}],"line":20},"3":{"loc":{"start":{"line":20,"column":8},"end":{"line":20,"column":161}},"type":"binary-expr","locations":[{"start":{"line":20,"column":8},"end":{"line":20,"column":30}},{"start":{"line":20,"column":34},"end":{"line":20,"column":64}},{"start":{"line":20,"column":68},"end":{"line":20,"column":96}},{"start":{"line":20,"column":100},"end":{"line":20,"column":127}},{"start":{"line":20,"column":131},"end":{"line":20,"column":161}}],"line":20}},"s":{"0":8,"1":6,"2":6,"3":6,"4":6,"5":6,"6":6,"7":6,"8":8,"9":1,"10":7,"11":1,"12":8},"f":{"0":8,"1":8},"b":{"0":[1,7],"1":[8,7,7,7,7],"2":[1,6],"3":[7,6,6,6,6]},"_coverageSchema":"1a1c01bbd47fc00a2c39e90264f33305004495a9","hash":"4980d4e9bb43168c54e1695ab9f2c8745bd42f9f"}
,"C:\\hello-world\\Backend-project\\MENJADI Back End DEV EXPERT\\Submission\\Submission-forum-api-husadahts\\src\\Domains\\replies\\entities\\ReplyDetail.js": {"path":"C:\\hello-world\\Backend-project\\MENJADI Back End DEV EXPERT\\Submission\\Submission-forum-api-husadahts\\src\\Domains\\replies\\entities\\ReplyDetail.js","statementMap":{"0":{"start":{"line":3,"column":4},"end":{"line":3,"column":33}},"1":{"start":{"line":5,"column":62},"end":{"line":5,"column":69}},"2":{"start":{"line":7,"column":4},"end":{"line":7,"column":17}},"3":{"start":{"line":8,"column":4},"end":{"line":8,"column":29}},"4":{"start":{"line":9,"column":4},"end":{"line":9,"column":27}},"5":{"start":{"line":10,"column":4},"end":{"line":10,"column":70}},"6":{"start":{"line":14,"column":4},"end":{"line":16,"column":5}},"7":{"start":{"line":15,"column":6},"end":{"line":15,"column":66}},"8":{"start":{"line":18,"column":4},"end":{"line":20,"column":5}},"9":{"start":{"line":19,"column":6},"end":{"line":19,"column":71}},"10":{"start":{"line":24,"column":0},"end":{"line":24,"column":29}}},"fnMap":{"0":{"name":"(anonymous_0)","decl":{"start":{"line":2,"column":2},"end":{"line":2,"column":3}},"loc":{"start":{"line":2,"column":23},"end":{"line":11,"column":3}},"line":2},"1":{"name":"(anonymous_1)","decl":{"start":{"line":13,"column":2},"end":{"line":13,"column":3}},"loc":{"start":{"line":13,"column":68},"end":{"line":21,"column":3}},"line":13}},"branchMap":{"0":{"loc":{"start":{"line":10,"column":19},"end":{"line":10,"column":69}},"type":"cond-expr","locations":[{"start":{"line":10,"column":32},"end":{"line":10,"column":59}},{"start":{"line":10,"column":62},"end":{"line":10,"column":69}}],"line":10},"1":{"loc":{"start":{"line":14,"column":4},"end":{"line":16,"column":5}},"type":"if","locations":[{"start":{"line":14,"column":4},"end":{"line":16,"column":5}},{"start":{},"end":{}}],"line":14},"2":{"loc":{"start":{"line":14,"column":8},"end":{"line":14,"column":51}},"type":"binary-expr","locations":[{"start":{"line":14,"column":8},"end":{"line":14,"column":11}},{"start":{"line":14,"column":15},"end":{"line":14,"column":24}},{"start":{"line":14,"column":28},"end":{"line":14,"column":36}},{"start":{"line":14,"column":40},"end":{"line":14,"column":51}}],"line":14},"3":{"loc":{"start":{"line":18,"column":4},"end":{"line":20,"column":5}},"type":"if","locations":[{"start":{"line":18,"column":4},"end":{"line":20,"column":5}},{"start":{},"end":{}}],"line":18},"4":{"loc":{"start":{"line":18,"column":8},"end":{"line":18,"column":127}},"type":"binary-expr","locations":[{"start":{"line":18,"column":8},"end":{"line":18,"column":30}},{"start":{"line":18,"column":34},"end":{"line":18,"column":62}},{"start":{"line":18,"column":66},"end":{"line":18,"column":93}},{"start":{"line":18,"column":97},"end":{"line":18,"column":127}}],"line":18}},"s":{"0":14,"1":12,"2":12,"3":12,"4":12,"5":12,"6":14,"7":1,"8":13,"9":1,"10":8},"f":{"0":14,"1":14},"b":{"0":[1,11],"1":[1,13],"2":[14,14,13,13],"3":[1,12],"4":[13,12,12,12]},"_coverageSchema":"1a1c01bbd47fc00a2c39e90264f33305004495a9","hash":"49e948cb124c2a85e87cd98769deba4f25796f30"}
,"C:\\hello-world\\Backend-project\\MENJADI Back End DEV EXPERT\\Submission\\Submission-forum-api-husadahts\\src\\Domains\\threads\\ThreadRepository.js": {"path":"C:\\hello-world\\Backend-project\\MENJADI Back End DEV EXPERT\\Submission\\Submission-forum-api-husadahts\\src\\Domains\\threads\\ThreadRepository.js","statementMap":{"0":{"start":{"line":3,"column":4},"end":{"line":3,"column":64}},"1":{"start":{"line":7,"column":4},"end":{"line":7,"column":64}},"2":{"start":{"line":11,"column":0},"end":{"line":11,"column":34}}},"fnMap":{"0":{"name":"(anonymous_0)","decl":{"start":{"line":2,"column":2},"end":{"line":2,"column":3}},"loc":{"start":{"line":2,"column":31},"end":{"line":4,"column":3}},"line":2},"1":{"name":"(anonymous_1)","decl":{"start":{"line":6,"column":2},"end":{"line":6,"column":3}},"loc":{"start":{"line":6,"column":43},"end":{"line":8,"column":3}},"line":6}},"branchMap":{},"s":{"0":1,"1":1,"2":13},"f":{"0":1,"1":1},"b":{},"_coverageSchema":"1a1c01bbd47fc00a2c39e90264f33305004495a9","hash":"f7f61246d5b52624e5f8b5e959bc55292be0e54b"}
,"C:\\hello-world\\Backend-project\\MENJADI Back End DEV EXPERT\\Submission\\Submission-forum-api-husadahts\\src\\Domains\\threads\\entities\\AddThread.js": {"path":"C:\\hello-world\\Backend-project\\MENJADI Back End DEV EXPERT\\Submission\\Submission-forum-api-husadahts\\src\\Domains\\threads\\entities\\AddThread.js","statementMap":{"0":{"start":{"line":3,"column":4},"end":{"line":3,"column":33}},"1":{"start":{"line":5,"column":38},"end":{"line":5,"column":45}},"2":{"start":{"line":7,"column":4},"end":{"line":7,"column":29}},"3":{"start":{"line":8,"column":4},"end":{"line":8,"column":23}},"4":{"start":{"line":9,"column":4},"end":{"line":9,"column":21}},"5":{"start":{"line":13,"column":4},"end":{"line":15,"column":5}},"6":{"start":{"line":14,"column":6},"end":{"line":14,"column":64}},"7":{"start":{"line":17,"column":4},"end":{"line":19,"column":5}},"8":{"start":{"line":18,"column":6},"end":{"line":18,"column":69}},"9":{"start":{"line":23,"column":0},"end":{"line":23,"column":27}}},"fnMap":{"0":{"name":"(anonymous_0)","decl":{"start":{"line":2,"column":2},"end":{"line":2,"column":3}},"loc":{"start":{"line":2,"column":23},"end":{"line":10,"column":3}},"line":2},"1":{"name":"(anonymous_1)","decl":{"start":{"line":12,"column":2},"end":{"line":12,"column":3}},"loc":{"start":{"line":12,"column":44},"end":{"line":20,"column":3}},"line":12}},"branchMap":{"0":{"loc":{"start":{"line":13,"column":4},"end":{"line":15,"column":5}},"type":"if","locations":[{"start":{"line":13,"column":4},"end":{"line":15,"column":5}},{"start":{},"end":{}}],"line":13},"1":{"loc":{"start":{"line":13,"column":8},"end":{"line":13,"column":36}},"type":"binary-expr","locations":[{"start":{"line":13,"column":8},"end":{"line":13,"column":17}},{"start":{"line":13,"column":21},"end":{"line":13,"column":27}},{"start":{"line":13,"column":31},"end":{"line":13,"column":36}}],"line":13},"2":{"loc":{"start":{"line":17,"column":4},"end":{"line":19,"column":5}},"type":"if","locations":[{"start":{"line":17,"column":4},"end":{"line":19,"column":5}},{"start":{},"end":{}}],"line":17},"3":{"loc":{"start":{"line":17,"column":8},"end":{"line":17,"column":93}},"type":"binary-expr","locations":[{"start":{"line":17,"column":8},"end":{"line":17,"column":36}},{"start":{"line":17,"column":40},"end":{"line":17,"column":65}},{"start":{"line":17,"column":69},"end":{"line":17,"column":93}}],"line":17}},"s":{"0":21,"1":17,"2":17,"3":17,"4":17,"5":21,"6":2,"7":19,"8":2,"9":9},"f":{"0":21,"1":21},"b":{"0":[2,19],"1":[21,20,20],"2":[2,17],"3":[19,19,18]},"_coverageSchema":"1a1c01bbd47fc00a2c39e90264f33305004495a9","hash":"15320ead55251d22ae6dc01290ce4a3a3bc737e4"}
,"C:\\hello-world\\Backend-project\\MENJADI Back End DEV EXPERT\\Submission\\Submission-forum-api-husadahts\\src\\Domains\\threads\\entities\\AddedThread.js": {"path":"C:\\hello-world\\Backend-project\\MENJADI Back End DEV EXPERT\\Submission\\Submission-forum-api-husadahts\\src\\Domains\\threads\\entities\\AddedThread.js","statementMap":{"0":{"start":{"line":3,"column":4},"end":{"line":3,"column":33}},"1":{"start":{"line":5,"column":54},"end":{"line":5,"column":61}},"2":{"start":{"line":7,"column":4},"end":{"line":7,"column":17}},"3":{"start":{"line":8,"column":4},"end":{"line":8,"column":29}},"4":{"start":{"line":9,"column":4},"end":{"line":9,"column":23}},"5":{"start":{"line":10,"column":4},"end":{"line":10,"column":21}},"6":{"start":{"line":11,"column":4},"end":{"line":11,"column":33}},"7":{"start":{"line":15,"column":4},"end":{"line":17,"column":5}},"8":{"start":{"line":16,"column":6},"end":{"line":16,"column":66}},"9":{"start":{"line":19,"column":4},"end":{"line":21,"column":5}},"10":{"start":{"line":20,"column":6},"end":{"line":20,"column":71}},"11":{"start":{"line":25,"column":0},"end":{"line":25,"column":29}}},"fnMap":{"0":{"name":"(anonymous_0)","decl":{"start":{"line":2,"column":2},"end":{"line":2,"column":3}},"loc":{"start":{"line":2,"column":23},"end":{"line":12,"column":3}},"line":2},"1":{"name":"(anonymous_1)","decl":{"start":{"line":14,"column":2},"end":{"line":14,"column":3}},"loc":{"start":{"line":14,"column":60},"end":{"line":22,"column":3}},"line":14}},"branchMap":{"0":{"loc":{"start":{"line":15,"column":4},"end":{"line":17,"column":5}},"type":"if","locations":[{"start":{"line":15,"column":4},"end":{"line":17,"column":5}},{"start":{},"end":{}}],"line":15},"1":{"loc":{"start":{"line":15,"column":8},"end":{"line":15,"column":58}},"type":"binary-expr","locations":[{"start":{"line":15,"column":8},"end":{"line":15,"column":11}},{"start":{"line":15,"column":15},"end":{"line":15,"column":24}},{"start":{"line":15,"column":28},"end":{"line":15,"column":34}},{"start":{"line":15,"column":38},"end":{"line":15,"column":43}},{"start":{"line":15,"column":47},"end":{"line":15,"column":58}}],"line":15},"2":{"loc":{"start":{"line":19,"column":4},"end":{"line":21,"column":5}},"type":"if","locations":[{"start":{"line":19,"column":4},"end":{"line":21,"column":5}},{"start":{},"end":{}}],"line":19},"3":{"loc":{"start":{"line":19,"column":8},"end":{"line":19,"column":153}},"type":"binary-expr","locations":[{"start":{"line":19,"column":8},"end":{"line":19,"column":30}},{"start":{"line":19,"column":34},"end":{"line":19,"column":62}},{"start":{"line":19,"column":66},"end":{"line":19,"column":91}},{"start":{"line":19,"column":95},"end":{"line":19,"column":119}},{"start":{"line":19,"column":123},"end":{"line":19,"column":153}}],"line":19}},"s":{"0":22,"1":20,"2":20,"3":20,"4":20,"5":20,"6":20,"7":22,"8":1,"9":21,"10":1,"11":10},"f":{"0":22,"1":22},"b":{"0":[1,21],"1":[22,21,21,21,21],"2":[1,20],"3":[21,20,20,20,20]},"_coverageSchema":"1a1c01bbd47fc00a2c39e90264f33305004495a9","hash":"a9ef1a4b694ef7fc380733ae321d3209d25c7cfc"}
,"C:\\hello-world\\Backend-project\\MENJADI Back End DEV EXPERT\\Submission\\Submission-forum-api-husadahts\\src\\Domains\\threads\\entities\\ThreadDetail.js": {"path":"C:\\hello-world\\Backend-project\\MENJADI Back End DEV EXPERT\\Submission\\Submission-forum-api-husadahts\\src\\Domains\\threads\\entities\\ThreadDetail.js","statementMap":{"0":{"start":{"line":3,"column":4},"end":{"line":3,"column":33}},"1":{"start":{"line":5,"column":64},"end":{"line":5,"column":71}},"2":{"start":{"line":7,"column":4},"end":{"line":7,"column":17}},"3":{"start":{"line":8,"column":4},"end":{"line":8,"column":23}},"4":{"start":{"line":9,"column":4},"end":{"line":9,"column":21}},"5":{"start":{"line":10,"column":4},"end":{"line":10,"column":27}},"6":{"start":{"line":11,"column":4},"end":{"line":11,"column":29}},"7":{"start":{"line":12,"column":4},"end":{"line":12,"column":29}},"8":{"start":{"line":16,"column":4},"end":{"line":18,"column":5}},"9":{"start":{"line":17,"column":6},"end":{"line":17,"column":67}},"10":{"start":{"line":20,"column":4},"end":{"line":22,"column":5}},"11":{"start":{"line":21,"column":6},"end":{"line":21,"column":72}},"12":{"start":{"line":26,"column":0},"end":{"line":26,"column":30}}},"fnMap":{"0":{"name":"(anonymous_0)","decl":{"start":{"line":2,"column":2},"end":{"line":2,"column":3}},"loc":{"start":{"line":2,"column":23},"end":{"line":13,"column":3}},"line":2},"1":{"name":"(anonymous_1)","decl":{"start":{"line":15,"column":2},"end":{"line":15,"column":3}},"loc":{"start":{"line":15,"column":60},"end":{"line":23,"column":3}},"line":15}},"branchMap":{"0":{"loc":{"start":{"line":16,"column":4},"end":{"line":18,"column":5}},"type":"if","locations":[{"start":{"line":16,"column":4},"end":{"line":18,"column":5}},{"start":{},"end":{}}],"line":16},"1":{"loc":{"start":{"line":16,"column":8},"end":{"line":16,"column":58}},"type":"binary-expr","locations":[{"start":{"line":16,"column":8},"end":{"line":16,"column":11}},{"start":{"line":16,"column":15},"end":{"line":16,"column":21}},{"start":{"line":16,"column":25},"end":{"line":16,"column":30}},{"start":{"line":16,"column":34},"end":{"line":16,"column":45}},{"start":{"line":16,"column":49},"end":{"line":16,"column":58}}],"line":16},"2":{"loc":{"start":{"line":20,"column":4},"end":{"line":22,"column":5}},"type":"if","locations":[{"start":{"line":20,"column":4},"end":{"line":22,"column":5}},{"start":{},"end":{}}],"line":20},"3":{"loc":{"start":{"line":20,"column":8},"end":{"line":20,"column":153}},"type":"binary-expr","locations":[{"start":{"line":20,"column":8},"end":{"line":20,"column":30}},{"start":{"line":20,"column":34},"end":{"line":20,"column":59}},{"start":{"line":20,"column":63},"end":{"line":20,"column":87}},{"start":{"line":20,"column":91},"end":{"line":20,"column":121}},{"start":{"line":20,"column":125},"end":{"line":20,"column":153}}],"line":20}},"s":{"0":26,"1":24,"2":24,"3":24,"4":24,"5":24,"6":24,"7":24,"8":26,"9":1,"10":25,"11":1,"12":8},"f":{"0":26,"1":26},"b":{"0":[1,25],"1":[26,25,25,25,25],"2":[1,24],"3":[25,24,24,24,24]},"_coverageSchema":"1a1c01bbd47fc00a2c39e90264f33305004495a9","hash":"e9abd74aee0585fb8d9ed106fa9e86f7e42393d6"}
,"C:\\hello-world\\Backend-project\\MENJADI Back End DEV EXPERT\\Submission\\Submission-forum-api-husadahts\\src\\Domains\\users\\UserRepository.js": {"path":"C:\\hello-world\\Backend-project\\MENJADI Back End DEV EXPERT\\Submission\\Submission-forum-api-husadahts\\src\\Domains\\users\\UserRepository.js","statementMap":{"0":{"start":{"line":3,"column":4},"end":{"line":3,"column":62}},"1":{"start":{"line":7,"column":4},"end":{"line":7,"column":62}},"2":{"start":{"line":11,"column":4},"end":{"line":11,"column":62}},"3":{"start":{"line":15,"column":4},"end":{"line":15,"column":62}},"4":{"start":{"line":19,"column":4},"end":{"line":19,"column":62}},"5":{"start":{"line":23,"column":4},"end":{"line":23,"column":62}},"6":{"start":{"line":27,"column":0},"end":{"line":27,"column":32}}},"fnMap":{"0":{"name":"(anonymous_0)","decl":{"start":{"line":2,"column":2},"end":{"line":2,"column":3}},"loc":{"start":{"line":2,"column":30},"end":{"line":4,"column":3}},"line":2},"1":{"name":"(anonymous_1)","decl":{"start":{"line":6,"column":2},"end":{"line":6,"column":3}},"loc":{"start":{"line":6,"column":42},"end":{"line":8,"column":3}},"line":6},"2":{"name":"(anonymous_2)","decl":{"start":{"line":10,"column":2},"end":{"line":10,"column":3}},"loc":{"start":{"line":10,"column":40},"end":{"line":12,"column":3}},"line":10},"3":{"name":"(anonymous_3)","decl":{"start":{"line":14,"column":2},"end":{"line":14,"column":3}},"loc":{"start":{"line":14,"column":34},"end":{"line":16,"column":3}},"line":14},"4":{"name":"(anonymous_4)","decl":{"start":{"line":18,"column":2},"end":{"line":18,"column":3}},"loc":{"start":{"line":18,"column":28},"end":{"line":20,"column":3}},"line":18},"5":{"name":"(anonymous_5)","decl":{"start":{"line":22,"column":2},"end":{"line":22,"column":3}},"loc":{"start":{"line":22,"column":31},"end":{"line":24,"column":3}},"line":22}},"branchMap":{},"s":{"0":1,"1":1,"2":1,"3":1,"4":1,"5":1,"6":12},"f":{"0":1,"1":1,"2":1,"3":1,"4":1,"5":1},"b":{},"_coverageSchema":"1a1c01bbd47fc00a2c39e90264f33305004495a9","hash":"bcd0354f7571c992ddd1f36e7d10cac7d293c6f2"}
,"C:\\hello-world\\Backend-project\\MENJADI Back End DEV EXPERT\\Submission\\Submission-forum-api-husadahts\\src\\Domains\\users\\entities\\RegisterUser.js": {"path":"C:\\hello-world\\Backend-project\\MENJADI Back End DEV EXPERT\\Submission\\Submission-forum-api-husadahts\\src\\Domains\\users\\entities\\RegisterUser.js","statementMap":{"0":{"start":{"line":3,"column":4},"end":{"line":3,"column":33}},"1":{"start":{"line":5,"column":45},"end":{"line":5,"column":52}},"2":{"start":{"line":7,"column":4},"end":{"line":7,"column":29}},"3":{"start":{"line":8,"column":4},"end":{"line":8,"column":29}},"4":{"start":{"line":9,"column":4},"end":{"line":9,"column":29}},"5":{"start":{"line":13,"column":4},"end":{"line":15,"column":5}},"6":{"start":{"line":14,"column":6},"end":{"line":14,"column":67}},"7":{"start":{"line":17,"column":4},"end":{"line":19,"column":5}},"8":{"start":{"line":18,"column":6},"end":{"line":18,"column":72}},"9":{"start":{"line":21,"column":4},"end":{"line":23,"column":5}},"10":{"start":{"line":22,"column":6},"end":{"line":22,"column":59}},"11":{"start":{"line":25,"column":4},"end":{"line":27,"column":5}},"12":{"start":{"line":26,"column":6},"end":{"line":26,"column":77}},"13":{"start":{"line":31,"column":0},"end":{"line":31,"column":30}}},"fnMap":{"0":{"name":"(anonymous_0)","decl":{"start":{"line":2,"column":2},"end":{"line":2,"column":3}},"loc":{"start":{"line":2,"column":23},"end":{"line":10,"column":3}},"line":2},"1":{"name":"(anonymous_1)","decl":{"start":{"line":12,"column":2},"end":{"line":12,"column":3}},"loc":{"start":{"line":12,"column":51},"end":{"line":28,"column":3}},"line":12}},"branchMap":{"0":{"loc":{"start":{"line":13,"column":4},"end":{"line":15,"column":5}},"type":"if","locations":[{"start":{"line":13,"column":4},"end":{"line":15,"column":5}},{"start":{},"end":{}}],"line":13},"1":{"loc":{"start":{"line":13,"column":8},"end":{"line":13,"column":43}},"type":"binary-expr","locations":[{"start":{"line":13,"column":8},"end":{"line":13,"column":17}},{"start":{"line":13,"column":21},"end":{"line":13,"column":30}},{"start":{"line":13,"column":34},"end":{"line":13,"column":43}}],"line":13},"2":{"loc":{"start":{"line":17,"column":4},"end":{"line":19,"column":5}},"type":"if","locations":[{"start":{"line":17,"column":4},"end":{"line":19,"column":5}},{"start":{},"end":{}}],"line":17},"3":{"loc":{"start":{"line":17,"column":8},"end":{"line":17,"column":100}},"type":"binary-expr","locations":[{"start":{"line":17,"column":8},"end":{"line":17,"column":36}},{"start":{"line":17,"column":40},"end":{"line":17,"column":68}},{"start":{"line":17,"column":72},"end":{"line":17,"column":100}}],"line":17},"4":{"loc":{"start":{"line":21,"column":4},"end":{"line":23,"column":5}},"type":"if","locations":[{"start":{"line":21,"column":4},"end":{"line":23,"column":5}},{"start":{},"end":{}}],"line":21},"5":{"loc":{"start":{"line":25,"column":4},"end":{"line":27,"column":5}},"type":"if","locations":[{"start":{"line":25,"column":4},"end":{"line":27,"column":5}},{"start":{},"end":{}}],"line":25}},"s":{"0":35,"1":27,"2":27,"3":27,"4":27,"5":35,"6":2,"7":33,"8":2,"9":31,"10":2,"11":29,"12":2,"13":9},"f":{"0":35,"1":35},"b":{"0":[2,33],"1":[35,34,34],"2":[2,31],"3":[33,32,32],"4":[2,29],"5":[2,27]},"_coverageSchema":"1a1c01bbd47fc00a2c39e90264f33305004495a9","hash":"349b727b9bd4a7280ce45abc58418457b9b319e8"}
,"C:\\hello-world\\Backend-project\\MENJADI Back End DEV EXPERT\\Submission\\Submission-forum-api-husadahts\\src\\Domains\\users\\entities\\RegisteredUser.js": {"path":"C:\\hello-world\\Backend-project\\MENJADI Back End DEV EXPERT\\Submission\\Submission-forum-api-husadahts\\src\\Domains\\users\\entities\\RegisteredUser.js","statementMap":{"0":{"start":{"line":3,"column":4},"end":{"line":3,"column":33}},"1":{"start":{"line":5,"column":39},"end":{"line":5,"column":46}},"2":{"start":{"line":7,"column":4},"end":{"line":7,"column":17}},"3":{"start":{"line":8,"column":4},"end":{"line":8,"column":29}},"4":{"start":{"line":9,"column":4},"end":{"line":9,"column":29}},"5":{"start":{"line":13,"column":4},"end":{"line":15,"column":5}},"6":{"start":{"line":14,"column":6},"end":{"line":14,"column":69}},"7":{"start":{"line":17,"column":4},"end":{"line":19,"column":5}},"8":{"start":{"line":18,"column":6},"end":{"line":18,"column":74}},"9":{"start":{"line":23,"column":0},"end":{"line":23,"column":32}}},"fnMap":{"0":{"name":"(anonymous_0)","decl":{"start":{"line":2,"column":2},"end":{"line":2,"column":3}},"loc":{"start":{"line":2,"column":23},"end":{"line":10,"column":3}},"line":2},"1":{"name":"(anonymous_1)","decl":{"start":{"line":12,"column":2},"end":{"line":12,"column":3}},"loc":{"start":{"line":12,"column":45},"end":{"line":20,"column":3}},"line":12}},"branchMap":{"0":{"loc":{"start":{"line":13,"column":4},"end":{"line":15,"column":5}},"type":"if","locations":[{"start":{"line":13,"column":4},"end":{"line":15,"column":5}},{"start":{},"end":{}}],"line":13},"1":{"loc":{"start":{"line":13,"column":8},"end":{"line":13,"column":37}},"type":"binary-expr","locations":[{"start":{"line":13,"column":8},"end":{"line":13,"column":11}},{"start":{"line":13,"column":15},"end":{"line":13,"column":24}},{"start":{"line":13,"column":28},"end":{"line":13,"column":37}}],"line":13},"2":{"loc":{"start":{"line":17,"column":4},"end":{"line":19,"column":5}},"type":"if","locations":[{"start":{"line":17,"column":4},"end":{"line":19,"column":5}},{"start":{},"end":{}}],"line":17},"3":{"loc":{"start":{"line":17,"column":8},"end":{"line":17,"column":94}},"type":"binary-expr","locations":[{"start":{"line":17,"column":8},"end":{"line":17,"column":30}},{"start":{"line":17,"column":34},"end":{"line":17,"column":62}},{"start":{"line":17,"column":66},"end":{"line":17,"column":94}}],"line":17}},"s":{"0":27,"1":25,"2":25,"3":25,"4":25,"5":27,"6":1,"7":26,"8":1,"9":8},"f":{"0":27,"1":27},"b":{"0":[1,26],"1":[27,26,26],"2":[1,25],"3":[26,25,25]},"_coverageSchema":"1a1c01bbd47fc00a2c39e90264f33305004495a9","hash":"c5f8b01f07713aca23d1be3c60b6823b87d8a550"}
,"C:\\hello-world\\Backend-project\\MENJADI Back End DEV EXPERT\\Submission\\Submission-forum-api-husadahts\\src\\Domains\\users\\entities\\UserLogin.js": {"path":"C:\\hello-world\\Backend-project\\MENJADI Back End DEV EXPERT\\Submission\\Submission-forum-api-husadahts\\src\\Domains\\users\\entities\\UserLogin.js","statementMap":{"0":{"start":{"line":3,"column":4},"end":{"line":3,"column":33}},"1":{"start":{"line":5,"column":4},"end":{"line":5,"column":37}},"2":{"start":{"line":6,"column":4},"end":{"line":6,"column":37}},"3":{"start":{"line":10,"column":35},"end":{"line":10,"column":42}},"4":{"start":{"line":12,"column":4},"end":{"line":14,"column":5}},"5":{"start":{"line":13,"column":6},"end":{"line":13,"column":64}},"6":{"start":{"line":16,"column":4},"end":{"line":18,"column":5}},"7":{"start":{"line":17,"column":6},"end":{"line":17,"column":69}},"8":{"start":{"line":22,"column":0},"end":{"line":22,"column":27}}},"fnMap":{"0":{"name":"(anonymous_0)","decl":{"start":{"line":2,"column":2},"end":{"line":2,"column":3}},"loc":{"start":{"line":2,"column":23},"end":{"line":7,"column":3}},"line":2},"1":{"name":"(anonymous_1)","decl":{"start":{"line":9,"column":2},"end":{"line":9,"column":3}},"loc":{"start":{"line":9,"column":26},"end":{"line":19,"column":3}},"line":9}},"branchMap":{"0":{"loc":{"start":{"line":12,"column":4},"end":{"line":14,"column":5}},"type":"if","locations":[{"start":{"line":12,"column":4},"end":{"line":14,"column":5}},{"start":{},"end":{}}],"line":12},"1":{"loc":{"start":{"line":12,"column":8},"end":{"line":12,"column":30}},"type":"binary-expr","locations":[{"start":{"line":12,"column":8},"end":{"line":12,"column":17}},{"start":{"line":12,"column":21},"end":{"line":12,"column":30}}],"line":12},"2":{"loc":{"start":{"line":16,"column":4},"end":{"line":18,"column":5}},"type":"if","locations":[{"start":{"line":16,"column":4},"end":{"line":18,"column":5}},{"start":{},"end":{}}],"line":16},"3":{"loc":{"start":{"line":16,"column":8},"end":{"line":16,"column":68}},"type":"binary-expr","locations":[{"start":{"line":16,"column":8},"end":{"line":16,"column":36}},{"start":{"line":16,"column":40},"end":{"line":16,"column":68}}],"line":16}},"s":{"0":27,"1":23,"2":23,"3":27,"4":27,"5":2,"6":25,"7":2,"8":8},"f":{"0":27,"1":27},"b":{"0":[2,25],"1":[27,27],"2":[2,23],"3":[25,24]},"_coverageSchema":"1a1c01bbd47fc00a2c39e90264f33305004495a9","hash":"c122e3ec9131712b296f9f361c3dc4638acb0b18"}
[...]
,"C:\\hello-world\\Backend-project\\MENJADI Back End DEV EXPERT\\Submission\\Submission-forum-api-husadahts\\src\\api\\authentications\\index.js": {"path":"C:\\hello-world\\Backend-project\\MENJADI Back End DEV EXPERT\\Submission\\Submission-forum-api-husadahts\\src\\api\\authentications\\index.js","statementMap":{"0":{"start":{"line":1,"column":15},"end":{"line":1,"column":34}},"1":{"start":{"line":2,"column":31},"end":{"line":2,"column":51}},"2":{"start":{"line":4,"column":0},"end":{"line":10,"column":2}},"3":{"start":{"line":7,"column":35},"end":{"line":7,"column":72}},"4":{"start":{"line":8,"column":4},"end":{"line":8,"column":49}}},"fnMap":{"0":{"name":"(anonymous_0)","decl":{"start":{"line":6,"column":12},"end":{"line":6,"column":13}},"loc":{"start":{"line":6,"column":45},"end":{"line":9,"column":3}},"line":6}},"branchMap":{},"s":{"0":6,"1":6,"2":6,"3":39,"4":39},"f":{"0":39},"b":{},"_coverageSchema":"1a1c01bbd47fc00a2c39e90264f33305004495a9","hash":"49f4a8ca6f4d2d98b9cd51423d17d3aa7385a1ed"}
,"C:\\hello-world\\Backend-project\\MENJADI Back End DEV EXPERT\\Submission\\Submission-forum-api-husadahts\\src\\api\\authentications\\routes.js": {"path":"C:\\hello-world\\Backend-project\\MENJADI Back End DEV EXPERT\\Submission\\Submission-forum-api-husadahts\\src\\api\\authentications\\routes.js","statementMap":{"0":{"start":{"line":1,"column":15},"end":{"line":17,"column":2}},"1":{"start":{"line":1,"column":29},"end":{"line":17,"column":1}},"2":{"start":{"line":19,"column":0},"end":{"line":19,"column":24}}},"fnMap":{"0":{"name":"(anonymous_0)","decl":{"start":{"line":1,"column":15},"end":{"line":1,"column":16}},"loc":{"start":{"line":1,"column":29},"end":{"line":17,"column":1}},"line":1}},"branchMap":{},"s":{"0":6,"1":39,"2":6},"f":{"0":39},"b":{},"_coverageSchema":"1a1c01bbd47fc00a2c39e90264f33305004495a9","hash":"358670d2dd25044cbafc2fe3e0e6cd2b505c7050"}
,"C:\\hello-world\\Backend-project\\MENJADI Back End DEV EXPERT\\Submission\\Submission-forum-api-husadahts\\src\\api\\comments\\handler.js": {"path":"C:\\hello-world\\Backend-project\\MENJADI Back End DEV EXPERT\\Submission\\Submission-forum-api-husadahts\\src\\api\\comments\\handler.js","statementMap":{"0":{"start":{"line":1,"column":26},"end":{"line":1,"column":82}},"1":{"start":{"line":2,"column":29},"end":{"line":2,"column":88}},"2":{"start":{"line":6,"column":4},"end":{"line":6,"column":32}},"3":{"start":{"line":8,"column":4},"end":{"line":8,"column":65}},"4":{"start":{"line":9,"column":4},"end":{"line":9,"column":69}},"5":{"start":{"line":13,"column":29},"end":{"line":13,"column":53}},"6":{"start":{"line":14,"column":36},"end":{"line":14,"column":50}},"7":{"start":{"line":16,"column":30},"end":{"line":16,"column":81}},"8":{"start":{"line":19,"column":4},"end":{"line":19,"column":40}},"9":{"start":{"line":20,"column":4},"end":{"line":20,"column":42}},"10":{"start":{"line":22,"column":25},"end":{"line":22,"column":73}},"11":{"start":{"line":24,"column":21},"end":{"line":33,"column":6}},"12":{"start":{"line":35,"column":4},"end":{"line":35,"column":23}},"13":{"start":{"line":36,"column":4},"end":{"line":36,"column":20}},"14":{"start":{"line":40,"column":59},"end":{"line":40,"column":73}},"15":{"start":{"line":41,"column":29},"end":{"line":41,"column":53}},"16":{"start":{"line":43,"column":33},"end":{"line":43,"column":87}},"17":{"start":{"line":44,"column":4},"end":{"line":44,"column":76}},"18":{"start":{"line":46,"column":21},"end":{"line":48,"column":6}},"19":{"start":{"line":50,"column":4},"end":{"line":50,"column":23}},"20":{"start":{"line":51,"column":4},"end":{"line":51,"column":20}},"21":{"start":{"line":55,"column":0},"end":{"line":55,"column":33}}},"fnMap":{"0":{"name":"(anonymous_0)","decl":{"start":{"line":5,"column":2},"end":{"line":5,"column":3}},"loc":{"start":{"line":5,"column":25},"end":{"line":10,"column":3}},"line":5},"1":{"name":"(anonymous_1)","decl":{"start":{"line":12,"column":2},"end":{"line":12,"column":3}},"loc":{"start":{"line":12,"column":39},"end":{"line":37,"column":3}},"line":12},"2":{"name":"(anonymous_2)","decl":{"start":{"line":39,"column":2},"end":{"line":39,"column":3}},"loc":{"start":{"line":39,"column":41},"end":{"line":52,"column":3}},"line":39}},"branchMap":{},"s":{"0":6,"1":6,"2":39,"3":39,"4":39,"5":11,"6":11,"7":11,"8":11,"9":11,"10":11,"11":8,"12":8,"13":8,"14":2,"15":2,"16":2,"17":2,"18":1,"19":1,"20":1,"21":6},"f":{"0":39,"1":11,"2":2},"b":{},"_coverageSchema":"1a1c01bbd47fc00a2c39e90264f33305004495a9","hash":"b6068fb27713b5a96b9f11d833cce5ece094a3c4"}
,"C:\\hello-world\\Backend-project\\MENJADI Back End DEV EXPERT\\Submission\\Submission-forum-api-husadahts\\src\\api\\comments\\index.js": {"path":"C:\\hello-world\\Backend-project\\MENJADI Back End DEV EXPERT\\Submission\\Submission-forum-api-husadahts\\src\\api\\comments\\index.js","statementMap":{"0":{"start":{"line":1,"column":24},"end":{"line":1,"column":44}},"1":{"start":{"line":2,"column":15},"end":{"line":2,"column":34}},"2":{"start":{"line":4,"column":0},"end":{"line":10,"column":2}},"3":{"start":{"line":7,"column":28},"end":{"line":7,"column":58}},"4":{"start":{"line":8,"column":4},"end":{"line":8,"column":42}}},"fnMap":{"0":{"name":"(anonymous_0)","decl":{"start":{"line":6,"column":12},"end":{"line":6,"column":13}},"loc":{"start":{"line":6,"column":45},"end":{"line":9,"column":3}},"line":6}},"branchMap":{},"s":{"0":6,"1":6,"2":6,"3":39,"4":39},"f":{"0":39},"b":{},"_coverageSchema":"1a1c01bbd47fc00a2c39e90264f33305004495a9","hash":"20d11298476d1da78f72bcedc9adf2cc14ecdf60"}
,"C:\\hello-world\\Backend-project\\MENJADI Back End DEV EXPERT\\Submission\\Submission-forum-api-husadahts\\src\\api\\comments\\routes.js": {"path":"C:\\hello-world\\Backend-project\\MENJADI Back End DEV EXPERT\\Submission\\Submission-forum-api-husadahts\\src\\api\\comments\\routes.js","statementMap":{"0":{"start":{"line":1,"column":15},"end":{"line":22,"column":2}},"1":{"start":{"line":1,"column":29},"end":{"line":22,"column":1}},"2":{"start":{"line":24,"column":0},"end":{"line":24,"column":24}}},"fnMap":{"0":{"name":"(anonymous_0)","decl":{"start":{"line":1,"column":15},"end":{"line":1,"column":16}},"loc":{"start":{"line":1,"column":29},"end":{"line":22,"column":1}},"line":1}},"branchMap":{},"s":{"0":6,"1":39,"2":6},"f":{"0":39},"b":{},"_coverageSchema":"1a1c01bbd47fc00a2c39e90264f33305004495a9","hash":"8c6758e4140171fd86a49aef32eafc59800e47d5"}
,"C:\\hello-world\\Backend-project\\MENJADI Back End DEV EXPERT\\Submission\\Submission-forum-api-husadahts\\src\\api\\replies\\handler.js": {"path":"C:\\hello-world\\Backend-project\\MENJADI Back End DEV EXPERT\\Submission\\Submission-forum-api-husadahts\\src\\api\\replies\\handler.js","statementMap":{"0":{"start":{"line":1,"column":24},"end":{"line":1,"column":78}},"1":{"start":{"line":2,"column":27},"end":{"line":2,"column":84}},"2":{"start":{"line":6,"column":4},"end":{"line":6,"column":32}},"3":{"start":{"line":8,"column":4},"end":{"line":8,"column":61}},"4":{"start":{"line":9,"column":4},"end":{"line":9,"column":65}},"5":{"start":{"line":13,"column":29},"end":{"line":13,"column":53}},"6":{"start":{"line":14,"column":59},"end":{"line":14,"column":73}},"7":{"start":{"line":16,"column":28},"end":{"line":16,"column":77}},"8":{"start":{"line":19,"column":4},"end":{"line":19,"column":40}},"9":{"start":{"line":20,"column":4},"end":{"line":20,"column":44}},"10":{"start":{"line":21,"column":4},"end":{"line":21,"column":42}},"11":{"start":{"line":23,"column":23},"end":{"line":23,"column":69}},"12":{"start":{"line":25,"column":21},"end":{"line":34,"column":6}},"13":{"start":{"line":36,"column":4},"end":{"line":36,"column":23}},"14":{"start":{"line":37,"column":4},"end":{"line":37,"column":20}},"15":{"start":{"line":41,"column":78},"end":{"line":41,"column":92}},"16":{"start":{"line":42,"column":29},"end":{"line":42,"column":53}},"17":{"start":{"line":44,"column":31},"end":{"line":44,"column":83}},"18":{"start":{"line":45,"column":4},"end":{"line":45,"column":84}},"19":{"start":{"line":47,"column":21},"end":{"line":49,"column":6}},"20":{"start":{"line":51,"column":4},"end":{"line":51,"column":23}},"21":{"start":{"line":52,"column":4},"end":{"line":52,"column":20}},"22":{"start":{"line":56,"column":0},"end":{"line":56,"column":32}}},"fnMap":{"0":{"name":"(anonymous_0)","decl":{"start":{"line":5,"column":2},"end":{"line":5,"column":3}},"loc":{"start":{"line":5,"column":25},"end":{"line":10,"column":3}},"line":5},"1":{"name":"(anonymous_1)","decl":{"start":{"line":12,"column":2},"end":{"line":12,"column":3}},"loc":{"start":{"line":12,"column":37},"end":{"line":38,"column":3}},"line":12},"2":{"name":"(anonymous_2)","decl":{"start":{"line":40,"column":2},"end":{"line":40,"column":3}},"loc":{"start":{"line":40,"column":39},"end":{"line":53,"column":3}},"line":40}},"branchMap":{},"s":{"0":6,"1":6,"2":39,"3":39,"4":39,"5":5,"6":5,"7":5,"8":5,"9":5,"10":5,"11":5,"12":2,"13":2,"14":2,"15":2,"16":2,"17":2,"18":2,"19":1,"20":1,"21":1,"22":6},"f":{"0":39,"1":5,"2":2},"b":{},"_coverageSchema":"1a1c01bbd47fc00a2c39e90264f33305004495a9","hash":"0759219f0dcd94a50d950dc83f8d824195bb7db4"}
,"C:\\hello-world\\Backend-project\\MENJADI Back End DEV EXPERT\\Submission\\Submission-forum-api-husadahts\\src\\api\\replies\\index.js": {"path":"C:\\hello-world\\Backend-project\\MENJADI Back End DEV EXPERT\\Submission\\Submission-forum-api-husadahts\\src\\api\\replies\\index.js","statementMap":{"0":{"start":{"line":1,"column":23},"end":{"line":1,"column":43}},"1":{"start":{"line":2,"column":15},"end":{"line":2,"column":34}},"2":{"start":{"line":4,"column":0},"end":{"line":10,"column":2}},"3":{"start":{"line":7,"column":27},"end":{"line":7,"column":56}},"4":{"start":{"line":8,"column":4},"end":{"line":8,"column":41}}},"fnMap":{"0":{"name":"(anonymous_0)","decl":{"start":{"line":6,"column":12},"end":{"line":6,"column":13}},"loc":{"start":{"line":6,"column":45},"end":{"line":9,"column":3}},"line":6}},"branchMap":{},"s":{"0":6,"1":6,"2":6,"3":39,"4":39},"f":{"0":39},"b":{},"_coverageSchema":"1a1c01bbd47fc00a2c39e90264f33305004495a9","hash":"fbf720fe0192c80686796f9611a3a3b13925c91b"}
,"C:\\hello-world\\Backend-project\\MENJADI Back End DEV EXPERT\\Submission\\Submission-forum-api-husadahts\\src\\api\\replies\\routes.js": {"path":"C:\\hello-world\\Backend-project\\MENJADI Back End DEV EXPERT\\Submission\\Submission-forum-api-husadahts\\src\\api\\replies\\routes.js","statementMap":{"0":{"start":{"line":1,"column":15},"end":{"line":22,"column":2}},"1":{"start":{"line":1,"column":29},"end":{"line":22,"column":1}},"2":{"start":{"line":24,"column":0},"end":{"line":24,"column":24}}},"fnMap":{"0":{"name":"(anonymous_0)","decl":{"start":{"line":1,"column":15},"end":{"line":1,"column":16}},"loc":{"start":{"line":1,"column":29},"end":{"line":22,"column":1}},"line":1}},"branchMap":{},"s":{"0":6,"1":39,"2":6},"f":{"0":39},"b":{},"_coverageSchema":"1a1c01bbd47fc00a2c39e90264f33305004495a9","hash":"708e4d9c512692ce5b53eeaa00d0518d00e56bff"}
,"C:\\hello-world\\Backend-project\\MENJADI Back End DEV EXPERT\\Submission\\Submission-forum-api-husadahts\\src\\api\\threads\\handler.js": {"path":"C:\\hello-world\\Backend-project\\MENJADI Back End DEV EXPERT\\Submission\\Submission-forum-api-husadahts\\src\\api\\threads\\handler.js","statementMap":{"0":{"start":{"line":1,"column":25},"end":{"line":1,"column":80}},"1":{"start":{"line":2,"column":31},"end":{"line":2,"column":92}},"2":{"start":{"line":6,"column":4},"end":{"line":6,"column":32}},"3":{"start":{"line":8,"column":4},"end":{"line":8,"column":63}},"4":{"start":{"line":9,"column":4},"end":{"line":9,"column":73}},"5":{"start":{"line":13,"column":29},"end":{"line":13,"column":53}},"6":{"start":{"line":15,"column":29},"end":{"line":15,"column":79}},"7":{"start":{"line":18,"column":4},"end":{"line":18,"column":40}},"8":{"start":{"line":20,"column":24},"end":{"line":20,"column":71}},"9":{"start":{"line":22,"column":21},"end":{"line":31,"column":6}},"10":{"start":{"line":33,"column":4},"end":{"line":33,"column":23}},"11":{"start":{"line":34,"column":4},"end":{"line":34,"column":20}},"12":{"start":{"line":38,"column":19},"end":{"line":38,"column":33}},"13":{"start":{"line":39,"column":35},"end":{"line":41,"column":5}},"14":{"start":{"line":42,"column":27},"end":{"line":42,"column":33}},"15":{"start":{"line":43,"column":25},"end":{"line":43,"column":77}},"16":{"start":{"line":45,"column":21},"end":{"line":50,"column":6}},"17":{"start":{"line":52,"column":4},"end":{"line":52,"column":20}},"18":{"start":{"line":56,"column":0},"end":{"line":56,"column":32}}},"fnMap":{"0":{"name":"(anonymous_0)","decl":{"start":{"line":5,"column":2},"end":{"line":5,"column":3}},"loc":{"start":{"line":5,"column":25},"end":{"line":10,"column":3}},"line":5},"1":{"name":"(anonymous_1)","decl":{"start":{"line":12,"column":2},"end":{"line":12,"column":3}},"loc":{"start":{"line":12,"column":38},"end":{"line":35,"column":3}},"line":12},"2":{"name":"(anonymous_2)","decl":{"start":{"line":37,"column":2},"end":{"line":37,"column":3}},"loc":{"start":{"line":37,"column":43},"end":{"line":53,"column":3}},"line":37}},"branchMap":{},"s":{"0":6,"1":6,"2":39,"3":39,"4":39,"5":15,"6":15,"7":15,"8":15,"9":13,"10":13,"11":13,"12":2,"13":2,"14":2,"15":2,"16":1,"17":1,"18":6},"f":{"0":39,"1":15,"2":2},"b":{},"_coverageSchema":"1a1c01bbd47fc00a2c39e90264f33305004495a9","hash":"43e6e33b2dd26540a520b3a1d8d343e3f53cb3e1"}
,"C:\\hello-world\\Backend-project\\MENJADI Back End DEV EXPERT\\Submission\\Submission-forum-api-husadahts\\src\\api\\threads\\index.js": {"path":"C:\\hello-world\\Backend-project\\MENJADI Back End DEV EXPERT\\Submission\\Submission-forum-api-husadahts\\src\\api\\threads\\index.js","statementMap":{"0":{"start":{"line":1,"column":23},"end":{"line":1,"column":43}},"1":{"start":{"line":2,"column":15},"end":{"line":2,"column":34}},"2":{"start":{"line":4,"column":0},"end":{"line":10,"column":2}},"3":{"start":{"line":7,"column":27},"end":{"line":7,"column":56}},"4":{"start":{"line":8,"column":4},"end":{"line":8,"column":41}}},"fnMap":{"0":{"name":"(anonymous_0)","decl":{"start":{"line":6,"column":12},"end":{"line":6,"column":13}},"loc":{"start":{"line":6,"column":45},"end":{"line":9,"column":3}},"line":6}},"branchMap":{},"s":{"0":6,"1":6,"2":6,"3":39,"4":39},"f":{"0":39},"b":{},"_coverageSchema":"1a1c01bbd47fc00a2c39e90264f33305004495a9","hash":"da196f3baa6f8db8773fc4867c159525a71a4ca0"}
,"C:\\hello-world\\Backend-project\\MENJADI Back End DEV EXPERT\\Submission\\Submission-forum-api-husadahts\\src\\api\\threads\\routes.js": {"path":"C:\\hello-world\\Backend-project\\MENJADI Back End DEV EXPERT\\Submission\\Submission-forum-api-husadahts\\src\\api\\threads\\routes.js","statementMap":{"0":{"start":{"line":1,"column":15},"end":{"line":21,"column":2}},"1":{"start":{"line":1,"column":29},"end":{"line":21,"column":1}},"2":{"start":{"line":23,"column":0},"end":{"line":23,"column":24}}},"fnMap":{"0":{"name":"(anonymous_0)","decl":{"start":{"line":1,"column":15},"end":{"line":1,"column":16}},"loc":{"start":{"line":1,"column":29},"end":{"line":21,"column":1}},"line":1}},"branchMap":{},"s":{"0":6,"1":39,"2":6},"f":{"0":39},"b":{},"_coverageSchema":"1a1c01bbd47fc00a2c39e90264f33305004495a9","hash":"d942b22475e3dca4a90b48df8e456dfda65efb43"}
,"C:\\hello-world\\Backend-project\\MENJADI Back End DEV EXPERT\\Submission\\Submission-forum-api-husadahts\\src\\api\\users\\handler.js": {"path":"C:\\hello-world\\Backend-project\\MENJADI Back End DEV EXPERT\\Submission\\Submission-forum-api-husadahts\\src\\api\\users\\handler.js","statementMap":{"0":{"start":{"line":1,"column":23},"end":{"line":1,"column":76}},"1":{"start":{"line":5,"column":4},"end":{"line":5,"column":32}},"2":{"start":{"line":7,"column":4},"end":{"line":7,"column":59}},"3":{"start":{"line":11,"column":27},"end":{"line":11,"column":75}},"4":{"start":{"line":12,"column":22},"end":{"line":12,"column":67}},"5":{"start":{"line":14,"column":21},"end":{"line":19,"column":6}},"6":{"start":{"line":20,"column":4},"end":{"line":20,"column":23}},"7":{"start":{"line":21,"column":4},"end":{"line":21,"column":20}},"8":{"start":{"line":25,"column":0},"end":{"line":25,"column":30}}},"fnMap":{"0":{"name":"(anonymous_0)","decl":{"start":{"line":4,"column":2},"end":{"line":4,"column":3}},"loc":{"start":{"line":4,"column":25},"end":{"line":8,"column":3}},"line":4},"1":{"name":"(anonymous_1)","decl":{"start":{"line":10,"column":2},"end":{"line":10,"column":3}},"loc":{"start":{"line":10,"column":36},"end":{"line":22,"column":3}},"line":10}},"branchMap":{},"s":{"0":6,"1":39,"2":39,"3":27,"4":26,"5":21,"6":21,"7":21,"8":6},"f":{"0":39,"1":27},"b":{},"_coverageSchema":"1a1c01bbd47fc00a2c39e90264f33305004495a9","hash":"a7e1b672759a3e1e0f75444f120750dcca6d4a87"}
,"C:\\hello-world\\Backend-project\\MENJADI Back End DEV EXPERT\\Submission\\Submission-forum-api-husadahts\\src\\api\\users\\index.js": {"path":"C:\\hello-world\\Backend-project\\MENJADI Back End DEV EXPERT\\Submission\\Submission-forum-api-husadahts\\src\\api\\users\\index.js","statementMap":{"0":{"start":{"line":1,"column":21},"end":{"line":1,"column":41}},"1":{"start":{"line":2,"column":15},"end":{"line":2,"column":34}},"2":{"start":{"line":4,"column":0},"end":{"line":10,"column":2}},"3":{"start":{"line":7,"column":25},"end":{"line":7,"column":52}},"4":{"start":{"line":8,"column":4},"end":{"line":8,"column":39}}},"fnMap":{"0":{"name":"(anonymous_0)","decl":{"start":{"line":6,"column":12},"end":{"line":6,"column":13}},"loc":{"start":{"line":6,"column":45},"end":{"line":9,"column":3}},"line":6}},"branchMap":{},"s":{"0":6,"1":6,"2":6,"3":39,"4":39},"f":{"0":39},"b":{},"_coverageSchema":"1a1c01bbd47fc00a2c39e90264f33305004495a9","hash":"8607648ba33ed04f4a62df6723f949a808ace873"}
,"C:\\hello-world\\Backend-project\\MENJADI Back End DEV EXPERT\\Submission\\Submission-forum-api-husadahts\\src\\api\\users\\routes.js": {"path":"C:\\hello-world\\Backend-project\\MENJADI Back End DEV EXPERT\\Submission\\Submission-forum-api-husadahts\\src\\api\\users\\routes.js","statementMap":{"0":{"start":{"line":1,"column":15},"end":{"line":7,"column":2}},"1":{"start":{"line":1,"column":29},"end":{"line":7,"column":1}},"2":{"start":{"line":9,"column":0},"end":{"line":9,"column":24}}},"fnMap":{"0":{"name":"(anonymous_0)","decl":{"start":{"line":1,"column":15},"end":{"line":1,"column":16}},"loc":{"start":{"line":1,"column":29},"end":{"line":7,"column":1}},"line":1}},"branchMap":{},"s":{"0":6,"1":39,"2":6},"f":{"0":39},"b":{},"_coverageSchema":"1a1c01bbd47fc00a2c39e90264f33305004495a9","hash":"dc5dce0ced800ffe55fbd44d4a75764279980ae0"}
}
