TN:
SF:src\Applications\security\AuthenticationTokenManager.js
FN:2,(anonymous_0)
FN:6,(anonymous_1)
FN:10,(anonymous_2)
FN:14,(anonymous_3)
FNF:4
FNH:4
FNDA:1,(anonymous_0)
FNDA:1,(anonymous_1)
FNDA:1,(anonymous_2)
FNDA:1,(anonymous_3)
DA:3,1
DA:7,1
DA:11,1
DA:15,1
DA:19,9
LF:5
LH:5
BRF:0
BRH:0
end_of_record
TN:
SF:src\Applications\security\PasswordHash.js
FN:2,(anonymous_0)
FN:6,(anonymous_1)
FNF:2
FNH:2
FNDA:1,(anonymous_0)
FNDA:1,(anonymous_1)
DA:3,1
DA:7,1
DA:11,9
LF:3
LH:3
BRF:0
BRH:0
end_of_record
TN:
SF:src\Applications\use_case\AddCommentUseCase.js
FN:5,(anonymous_0)
FN:10,(anonymous_1)
FN:16,(anonymous_2)
FN:25,(anonymous_3)
FNF:4
FNH:4
FNDA:3,(anonymous_0)
FNDA:12,(anonymous_1)
FNDA:10,(anonymous_2)
FNDA:10,(anonymous_3)
DA:1,7
DA:2,7
DA:6,3
DA:7,3
DA:11,12
DA:12,10
DA:13,9
DA:17,10
DA:20,9
DA:21,0
DA:27,10
DA:28,9
DA:32,7
LF:13
LH:12
BRDA:20,0,0,0
BRDA:20,0,1,9
BRF:2
BRH:1
end_of_record
TN:
SF:src\Applications\use_case\AddReplyUseCase.js
FN:4,(anonymous_0)
FN:10,(anonymous_1)
FNF:2
FNH:2
FNDA:2,(anonymous_0)
FNDA:6,(anonymous_1)
DA:1,7
DA:5,2
DA:6,2
DA:7,2
DA:11,6
DA:12,4
DA:13,3
DA:14,3
DA:18,7
LF:9
LH:9
BRF:0
BRH:0
end_of_record
TN:
SF:src\Applications\use_case\AddThreadUseCase.js
FN:4,(anonymous_0)
FN:8,(anonymous_1)
FNF:2
FNH:2
FNDA:4,(anonymous_0)
FNDA:16,(anonymous_1)
DA:1,7
DA:5,4
DA:9,16
DA:10,14
DA:12,14
DA:22,7
LF:6
LH:6
BRF:0
BRH:0
end_of_record
TN:
SF:src\Applications\use_case\AddUserUseCase.js
FN:4,(anonymous_0)
FN:9,(anonymous_1)
FNF:2
FNH:2
FNDA:6,(anonymous_0)
FNDA:27,(anonymous_1)
DA:1,7
DA:5,6
DA:6,6
DA:10,27
DA:11,23
DA:12,22
DA:13,22
DA:17,7
LF:8
LH:8
BRF:0
BRH:0
end_of_record
TN:
SF:src\Applications\use_case\DeleteAuthenticationUseCase.js
FN:2,(anonymous_0)
FN:8,(anonymous_1)
FN:15,(anonymous_2)
FNF:3
FNH:3
FNDA:3,(anonymous_0)
FNDA:3,(anonymous_1)
FNDA:3,(anonymous_2)
DA:5,3
DA:9,3
DA:10,1
DA:11,1
DA:12,1
DA:16,3
DA:17,3
DA:18,1
DA:21,2
DA:22,1
DA:27,1
LF:11
LH:11
BRDA:17,0,0,1
BRDA:17,0,1,2
BRDA:21,1,0,1
BRDA:21,1,1,1
BRF:4
BRH:4
end_of_record
TN:
SF:src\Applications\use_case\DeleteCommentUseCase.js
FN:5,(anonymous_0)
FN:11,(anonymous_1)
FNF:2
FNH:2
FNDA:5,(anonymous_0)
FNDA:6,(anonymous_1)
DA:1,7
DA:2,7
DA:6,5
DA:7,5
DA:8,5
DA:12,6
DA:13,6
DA:14,1
DA:17,5
DA:18,1
DA:22,4
DA:27,3
DA:28,1
DA:31,2
DA:35,7
LF:15
LH:15
BRDA:13,0,0,1
BRDA:13,0,1,5
BRDA:17,1,0,1
BRDA:17,1,1,4
BRDA:27,2,0,1
BRDA:27,2,1,2
BRF:6
BRH:6
end_of_record
TN:
SF:src\Applications\use_case\DeleteReplyUseCase.js
FN:5,(anonymous_0)
FN:12,(anonymous_1)
FNF:2
FNH:2
FNDA:6,(anonymous_0)
FNDA:7,(anonymous_1)
DA:1,7
DA:2,7
DA:6,6
DA:7,6
DA:8,6
DA:9,6
DA:13,7
DA:14,7
DA:15,1
DA:18,6
DA:19,6
DA:20,1
DA:23,5
DA:24,1
DA:27,4
DA:29,3
DA:30,3
DA:32,2
DA:36,7
LF:19
LH:19
BRDA:14,0,0,1
BRDA:14,0,1,6
BRDA:19,1,0,1
BRDA:19,1,1,5
BRDA:23,2,0,1
BRDA:23,2,1,4
BRDA:30,3,0,1
BRDA:30,3,1,2
BRF:8
BRH:8
end_of_record
TN:
SF:src\Applications\use_case\GetThreadDetailUseCase.js
FN:2,(anonymous_0)
FN:9,(anonymous_1)
FN:14,(anonymous_2)
FN:22,(anonymous_3)
FNF:4
FNH:4
FNDA:4,(anonymous_0)
FNDA:5,(anonymous_1)
FNDA:1,(anonymous_2)
FNDA:1,(anonymous_3)
DA:3,4
DA:4,4
DA:5,4
DA:6,4
DA:10,5
DA:11,4
DA:14,4
DA:15,1
DA:19,4
DA:20,4
DA:22,4
DA:23,1
DA:25,4
DA:28,4
DA:30,4
DA:34,7
LF:16
LH:16
BRF:0
BRH:0
end_of_record
TN:
SF:src\Applications\use_case\LoginUserUseCase.js
FN:5,(anonymous_0)
FN:17,(anonymous_1)
FNF:2
FNH:2
FNDA:5,(anonymous_0)
FNDA:24,(anonymous_1)
DA:1,7
DA:2,7
DA:11,5
DA:12,5
DA:13,5
DA:14,5
DA:18,24
DA:20,22
DA:22,21
DA:24,20
DA:26,20
DA:28,20
DA:31,20
DA:36,20
DA:38,20
DA:42,7
LF:16
LH:16
BRF:0
BRH:0
end_of_record
TN:
SF:src\Applications\use_case\LogoutUserUseCase.js
FN:2,(anonymous_0)
FN:8,(anonymous_1)
FN:15,(anonymous_2)
FNF:3
FNH:3
FNDA:4,(anonymous_0)
FNDA:7,(anonymous_1)
FNDA:7,(anonymous_2)
DA:5,4
DA:9,7
DA:10,3
DA:11,3
DA:12,2
DA:16,7
DA:17,7
DA:18,2
DA:21,5
DA:22,2
DA:27,7
LF:11
LH:11
BRDA:17,0,0,2
BRDA:17,0,1,5
BRDA:21,1,0,2
BRDA:21,1,1,3
BRF:4
BRH:4
end_of_record
TN:
SF:src\Applications\use_case\RefreshAuthenticationUseCase.js
FN:2,(anonymous_0)
FN:10,(anonymous_1)
FN:22,(anonymous_2)
FNF:3
FNH:3
FNDA:4,(anonymous_0)
FNDA:8,(anonymous_1)
FNDA:8,(anonymous_2)
DA:6,4
DA:7,4
DA:11,8
DA:12,4
DA:14,4
DA:15,3
DA:17,2
DA:19,2
DA:23,8
DA:25,8
DA:26,2
DA:29,6
DA:30,2
DA:35,7
LF:14
LH:14
BRDA:25,0,0,2
BRDA:25,0,1,6
BRDA:29,1,0,2
BRDA:29,1,1,4
BRF:4
BRH:4
end_of_record
TN:
SF:src\Commons\exceptions\AuthenticationError.js
FN:4,(anonymous_0)
FNF:1
FNH:1
FNDA:3,(anonymous_0)
DA:1,7
DA:5,3
DA:6,3
DA:10,7
LF:4
LH:4
BRF:0
BRH:0
end_of_record
TN:
SF:src\Commons\exceptions\AuthorizationError.js
FN:4,(anonymous_0)
FNF:1
FNH:1
FNDA:4,(anonymous_0)
DA:1,10
DA:5,4
DA:6,4
DA:10,10
LF:4
LH:4
BRF:0
BRH:0
end_of_record
TN:
SF:src\Commons\exceptions\ClientError.js
FN:2,(anonymous_0)
FNF:1
FNH:1
FNDA:168,(anonymous_0)
DA:3,168
DA:5,168
DA:6,1
DA:9,167
DA:10,167
DA:14,22
LF:6
LH:6
BRDA:2,0,0,147
BRDA:5,1,0,1
BRDA:5,1,1,167
BRF:3
BRH:3
end_of_record
TN:
SF:src\Commons\exceptions\DomainErrorTranslator.js
FN:4,(anonymous_0)
FNF:1
FNH:1
FNDA:34,(anonymous_0)
DA:1,7
DA:3,7
DA:5,34
DA:9,7
DA:30,7
LF:5
LH:5
BRDA:5,0,0,34
BRDA:5,0,1,14
BRF:2
BRH:2
end_of_record
TN:
SF:src\Commons\exceptions\InvariantError.js
FN:4,(anonymous_0)
FNF:1
FNH:1
FNDA:146,(anonymous_0)
DA:1,13
DA:5,146
DA:6,146
DA:10,13
LF:4
LH:4
BRF:0
BRH:0
end_of_record
TN:
SF:src\Commons\exceptions\NotFoundError.js
FN:4,(anonymous_0)
FNF:1
FNH:1
FNDA:14,(anonymous_0)
DA:1,13
DA:5,14
DA:6,14
DA:10,13
LF:4
LH:4
BRF:0
BRH:0
end_of_record
TN:
SF:src\Domains\authentications\AuthenticationRepository.js
FN:2,(anonymous_0)
FN:6,(anonymous_1)
FN:10,(anonymous_2)
FNF:3
FNH:3
FNDA:1,(anonymous_0)
FNDA:1,(anonymous_1)
FNDA:1,(anonymous_2)
DA:3,1
DA:7,1
DA:11,1
DA:15,11
LF:4
LH:4
BRF:0
BRH:0
end_of_record
TN:
SF:src\Domains\authentications\entities\NewAuth.js
FN:2,(anonymous_0)
FN:9,(anonymous_1)
FNF:2
FNH:2
FNDA:24,(anonymous_0)
FNDA:24,(anonymous_1)
DA:3,24
DA:5,22
DA:6,22
DA:10,24
DA:12,24
DA:13,1
DA:16,23
DA:17,1
DA:22,8
LF:9
LH:9
BRDA:12,0,0,1
BRDA:12,0,1,23
BRDA:12,1,0,24
BRDA:12,1,1,24
BRDA:16,2,0,1
BRDA:16,2,1,22
BRDA:16,3,0,23
BRDA:16,3,1,23
BRF:8
BRH:8
end_of_record
TN:
SF:src\Domains\comments\CommentRepository.js
FN:3,(anonymous_0)
FN:8,(anonymous_1)
FN:13,(anonymous_2)
FN:18,(anonymous_3)
FNF:4
FNH:4
FNDA:1,(anonymous_0)
FNDA:1,(anonymous_1)
FNDA:1,(anonymous_2)
FNDA:1,(anonymous_3)
DA:4,1
DA:9,1
DA:14,1
DA:19,1
DA:23,12
LF:5
LH:5
BRF:0
BRH:0
end_of_record
TN:
SF:src\Domains\comments\entities\AddComment.js
FN:2,(anonymous_0)
FN:12,(anonymous_1)
FNF:2
FNH:2
FNDA:18,(anonymous_0)
FNDA:18,(anonymous_1)
DA:3,18
DA:5,14
DA:7,14
DA:8,14
DA:9,14
DA:13,18
DA:14,2
DA:17,16
DA:22,2
DA:27,9
LF:10
LH:10
BRDA:13,0,0,2
BRDA:13,0,1,16
BRDA:13,1,0,18
BRDA:13,1,1,18
BRDA:13,1,2,17
BRDA:17,2,0,2
BRDA:17,2,1,14
BRDA:18,3,0,16
BRDA:18,3,1,16
BRDA:18,3,2,15
BRF:10
BRH:10
end_of_record
TN:
SF:src\Domains\comments\entities\AddedComment.js
FN:2,(anonymous_0)
FN:12,(anonymous_1)
FNF:2
FNH:2
FNDA:15,(anonymous_0)
FNDA:15,(anonymous_1)
DA:3,15
DA:4,15
DA:5,15
DA:6,15
DA:7,15
DA:8,15
DA:9,15
DA:13,15
DA:14,1
DA:17,14
DA:18,1
DA:23,9
LF:12
LH:12
BRDA:13,0,0,1
BRDA:13,0,1,14
BRDA:13,1,0,15
BRDA:13,1,1,14
BRDA:13,1,2,14
BRDA:13,1,3,14
BRDA:13,1,4,14
BRDA:17,2,0,1
BRDA:17,2,1,13
BRDA:17,3,0,14
BRDA:17,3,1,13
BRDA:17,3,2,13
BRDA:17,3,3,13
BRDA:17,3,4,13
BRF:14
BRH:14
end_of_record
TN:
SF:src\Domains\comments\entities\CommentDetail.js
FN:2,(anonymous_0)
FN:15,(anonymous_1)
FNF:2
FNH:2
FNDA:20,(anonymous_0)
FNDA:20,(anonymous_1)
DA:3,20
DA:5,18
DA:7,18
DA:8,18
DA:9,18
DA:10,18
DA:11,18
DA:16,20
DA:17,1
DA:20,19
DA:21,1
DA:26,8
LF:12
LH:12
BRDA:10,0,0,1
BRDA:10,0,1,17
BRDA:16,1,0,1
BRDA:16,1,1,19
BRDA:16,2,0,20
BRDA:16,2,1,20
BRDA:16,2,2,19
BRDA:16,2,3,19
BRDA:20,3,0,1
BRDA:20,3,1,18
BRDA:20,4,0,19
BRDA:20,4,1,18
BRDA:20,4,2,18
BRDA:20,4,3,18
BRF:14
BRH:14
end_of_record
TN:
SF:src\Domains\replies\ReplyRepository.js
FN:2,(anonymous_0)
FN:6,(anonymous_1)
FN:10,(anonymous_2)
FN:14,(anonymous_3)
FNF:4
FNH:4
FNDA:1,(anonymous_0)
FNDA:1,(anonymous_1)
FNDA:1,(anonymous_2)
FNDA:1,(anonymous_3)
DA:3,1
DA:7,1
DA:11,1
DA:15,1
DA:19,10
LF:5
LH:5
BRF:0
BRH:0
end_of_record
TN:
SF:src\Domains\replies\entities\AddReply.js
FN:2,(anonymous_0)
FN:12,(anonymous_1)
FNF:2
FNH:2
FNDA:12,(anonymous_0)
FNDA:12,(anonymous_1)
DA:3,12
DA:5,8
DA:7,8
DA:8,8
DA:9,8
DA:13,12
DA:14,2
DA:17,10
DA:18,2
DA:23,9
LF:10
LH:10
BRDA:13,0,0,2
BRDA:13,0,1,10
BRDA:13,1,0,12
BRDA:13,1,1,12
BRDA:13,1,2,11
BRDA:17,2,0,2
BRDA:17,2,1,8
BRDA:17,3,0,10
BRDA:17,3,1,10
BRDA:17,3,2,9
BRF:10
BRH:10
end_of_record
TN:
SF:src\Domains\replies\entities\AddedReply.js
FN:2,(anonymous_0)
FN:15,(anonymous_1)
FNF:2
FNH:2
FNDA:8,(anonymous_0)
FNDA:8,(anonymous_1)
DA:3,8
DA:5,6
DA:7,6
DA:8,6
DA:9,6
DA:10,6
DA:11,6
DA:12,6
DA:16,8
DA:17,1
DA:20,7
DA:21,1
DA:26,8
LF:13
LH:13
BRDA:16,0,0,1
BRDA:16,0,1,7
BRDA:16,1,0,8
BRDA:16,1,1,7
BRDA:16,1,2,7
BRDA:16,1,3,7
BRDA:16,1,4,7
BRDA:20,2,0,1
BRDA:20,2,1,6
BRDA:20,3,0,7
BRDA:20,3,1,6
BRDA:20,3,2,6
BRDA:20,3,3,6
BRDA:20,3,4,6
BRF:14
BRH:14
end_of_record
TN:
SF:src\Domains\replies\entities\ReplyDetail.js
FN:2,(anonymous_0)
FN:13,(anonymous_1)
FNF:2
FNH:2
FNDA:14,(anonymous_0)
FNDA:14,(anonymous_1)
DA:3,14
DA:5,12
DA:7,12
DA:8,12
DA:9,12
DA:10,12
DA:14,14
DA:15,1
DA:18,13
DA:19,1
DA:24,8
LF:11
LH:11
BRDA:10,0,0,1
BRDA:10,0,1,11
BRDA:14,1,0,1
BRDA:14,1,1,13
BRDA:14,2,0,14
BRDA:14,2,1,14
BRDA:14,2,2,13
BRDA:14,2,3,13
BRDA:18,3,0,1
BRDA:18,3,1,12
BRDA:18,4,0,13
BRDA:18,4,1,12
BRDA:18,4,2,12
BRDA:18,4,3,12
BRF:14
BRH:14
end_of_record
TN:
SF:src\Domains\threads\ThreadRepository.js
FN:2,(anonymous_0)
FN:6,(anonymous_1)
FNF:2
FNH:2
FNDA:1,(anonymous_0)
FNDA:1,(anonymous_1)
DA:3,1
DA:7,1
DA:11,13
LF:3
LH:3
BRF:0
BRH:0
end_of_record
TN:
SF:src\Domains\threads\entities\AddThread.js
FN:2,(anonymous_0)
FN:12,(anonymous_1)
FNF:2
FNH:2
FNDA:21,(anonymous_0)
FNDA:21,(anonymous_1)
DA:3,21
DA:5,17
DA:7,17
DA:8,17
DA:9,17
DA:13,21
DA:14,2
DA:17,19
DA:18,2
DA:23,9
LF:10
LH:10
BRDA:13,0,0,2
BRDA:13,0,1,19
BRDA:13,1,0,21
BRDA:13,1,1,20
BRDA:13,1,2,20
BRDA:17,2,0,2
BRDA:17,2,1,17
BRDA:17,3,0,19
BRDA:17,3,1,19
BRDA:17,3,2,18
BRF:10
BRH:10
end_of_record
TN:
SF:src\Domains\threads\entities\AddedThread.js
FN:2,(anonymous_0)
FN:14,(anonymous_1)
FNF:2
FNH:2
FNDA:22,(anonymous_0)
FNDA:22,(anonymous_1)
DA:3,22
DA:5,20
DA:7,20
DA:8,20
DA:9,20
DA:10,20
DA:11,20
DA:15,22
DA:16,1
DA:19,21
DA:20,1
DA:25,10
LF:12
LH:12
BRDA:15,0,0,1
BRDA:15,0,1,21
BRDA:15,1,0,22
BRDA:15,1,1,21
BRDA:15,1,2,21
BRDA:15,1,3,21
BRDA:15,1,4,21
BRDA:19,2,0,1
BRDA:19,2,1,20
BRDA:19,3,0,21
BRDA:19,3,1,20
BRDA:19,3,2,20
BRDA:19,3,3,20
BRDA:19,3,4,20
BRF:14
BRH:14
end_of_record
TN:
SF:src\Domains\threads\entities\ThreadDetail.js
FN:2,(anonymous_0)
FN:15,(anonymous_1)
FNF:2
FNH:2
FNDA:26,(anonymous_0)
FNDA:26,(anonymous_1)
DA:3,26
DA:5,24
DA:7,24
DA:8,24
DA:9,24
DA:10,24
DA:11,24
DA:12,24
DA:16,26
DA:17,1
DA:20,25
DA:21,1
DA:26,8
LF:13
LH:13
BRDA:16,0,0,1
BRDA:16,0,1,25
BRDA:16,1,0,26
BRDA:16,1,1,25
BRDA:16,1,2,25
BRDA:16,1,3,25
BRDA:16,1,4,25
BRDA:20,2,0,1
BRDA:20,2,1,24
BRDA:20,3,0,25
BRDA:20,3,1,24
BRDA:20,3,2,24
BRDA:20,3,3,24
BRDA:20,3,4,24
BRF:14
BRH:14
end_of_record
TN:
SF:src\Domains\users\UserRepository.js
FN:2,(anonymous_0)
FN:6,(anonymous_1)
FN:10,(anonymous_2)
FN:14,(anonymous_3)
FN:18,(anonymous_4)
FN:22,(anonymous_5)
FNF:6
FNH:6
FNDA:1,(anonymous_0)
FNDA:1,(anonymous_1)
FNDA:1,(anonymous_2)
FNDA:1,(anonymous_3)
FNDA:1,(anonymous_4)
FNDA:1,(anonymous_5)
DA:3,1
DA:7,1
DA:11,1
DA:15,1
DA:19,1
DA:23,1
DA:27,12
LF:7
LH:7
BRF:0
BRH:0
end_of_record
TN:
SF:src\Domains\users\entities\RegisterUser.js
FN:2,(anonymous_0)
FN:12,(anonymous_1)
FNF:2
FNH:2
FNDA:35,(anonymous_0)
FNDA:35,(anonymous_1)
DA:3,35
DA:5,27
DA:7,27
DA:8,27
DA:9,27
DA:13,35
DA:14,2
DA:17,33
DA:18,2
DA:21,31
DA:22,2
DA:25,29
DA:26,2
DA:31,9
LF:14
LH:14
BRDA:13,0,0,2
BRDA:13,0,1,33
BRDA:13,1,0,35
BRDA:13,1,1,34
BRDA:13,1,2,34
BRDA:17,2,0,2
BRDA:17,2,1,31
BRDA:17,3,0,33
BRDA:17,3,1,32
BRDA:17,3,2,32
BRDA:21,4,0,2
BRDA:21,4,1,29
BRDA:25,5,0,2
BRDA:25,5,1,27
BRF:14
BRH:14
end_of_record
TN:
SF:src\Domains\users\entities\RegisteredUser.js
FN:2,(anonymous_0)
FN:12,(anonymous_1)
FNF:2
FNH:2
FNDA:27,(anonymous_0)
FNDA:27,(anonymous_1)
DA:3,27
DA:5,25
DA:7,25
DA:8,25
DA:9,25
DA:13,27
DA:14,1
DA:17,26
DA:18,1
DA:23,8
LF:10
LH:10
BRDA:13,0,0,1
BRDA:13,0,1,26
BRDA:13,1,0,27
BRDA:13,1,1,26
BRDA:13,1,2,26
BRDA:17,2,0,1
BRDA:17,2,1,25
BRDA:17,3,0,26
BRDA:17,3,1,25
BRDA:17,3,2,25
BRF:10
BRH:10
end_of_record
TN:
SF:src\Domains\users\entities\UserLogin.js
FN:2,(anonymous_0)
FN:9,(anonymous_1)
FNF:2
FNH:2
FNDA:27,(anonymous_0)
FNDA:27,(anonymous_1)
DA:3,27
DA:5,23
DA:6,23
DA:10,27
DA:12,27
DA:13,2
DA:16,25
DA:17,2
DA:22,8
LF:9
LH:9
BRDA:12,0,0,2
BRDA:12,0,1,25
BRDA:12,1,0,27
BRDA:12,1,1,27
BRDA:16,2,0,2
BRDA:16,2,1,23
BRDA:16,3,0,25
BRDA:16,3,1,24
BRF:8
BRH:8
end_of_record
TN:
SF:src\Infrastructures\http\createServer.js
FN:13,(anonymous_0)
FN:38,(anonymous_1)
FN:71,(anonymous_2)
FNF:3
FNH:3
FNDA:39,(anonymous_0)
FNDA:35,(anonymous_1)
FNDA:97,(anonymous_2)
DA:1,6
DA:2,6
DA:3,6
DA:4,6
DA:5,6
DA:6,6
DA:7,6
DA:8,6
DA:9,6
DA:10,6
DA:13,6
DA:14,39
DA:20,39
DA:30,39
DA:38,35
DA:47,39
DA:71,39
DA:72,97
DA:74,97
DA:75,29
DA:77,29
DA:78,27
DA:82,27
DA:83,27
DA:86,2
DA:87,1
DA:90,1
DA:94,1
DA:95,1
DA:98,68
DA:101,39
DA:104,6
LF:32
LH:32
BRDA:74,0,0,29
BRDA:74,0,1,68
BRDA:77,1,0,27
BRDA:77,1,1,2
BRDA:86,2,0,1
BRDA:86,2,1,1
BRF:6
BRH:6
end_of_record
TN:
SF:src\Infrastructures\repository\AuthenticationRepositoryPostgres.js
FN:5,(anonymous_0)
FN:10,(anonymous_1)
FN:19,(anonymous_2)
FN:32,(anonymous_3)
FNF:4
FNH:4
FNDA:8,(anonymous_0)
FNDA:20,(anonymous_1)
FNDA:6,(anonymous_2)
FNDA:2,(anonymous_3)
DA:1,6
DA:2,6
DA:6,8
DA:7,8
DA:11,20
DA:16,20
DA:20,6
DA:25,6
DA:27,6
DA:28,3
DA:33,2
DA:38,2
DA:42,6
LF:13
LH:13
BRDA:27,0,0,3
BRDA:27,0,1,3
BRF:2
BRH:2
end_of_record
TN:
SF:src\Infrastructures\repository\CommentRepositoryPostgres.js
FN:8,(anonymous_0)
FN:14,(anonymous_1)
FN:28,(anonymous_2)
FN:52,(anonymous_3)
FN:69,(anonymous_4)
FN:92,(anonymous_5)
FN:97,(anonymous_6)
FNF:7
FNH:7
FNDA:13,(anonymous_0)
FNDA:10,(anonymous_1)
FNDA:6,(anonymous_2)
FNDA:4,(anonymous_3)
FNDA:4,(anonymous_4)
FNDA:1,(anonymous_5)
FNDA:2,(anonymous_6)
DA:1,6
DA:2,6
DA:3,6
DA:4,6
DA:5,6
DA:9,13
DA:10,13
DA:11,13
DA:15,10
DA:16,10
DA:18,10
DA:23,10
DA:25,10
DA:29,6
DA:43,6
DA:45,6
DA:46,1
DA:49,5
DA:53,4
DA:54,1
DA:57,3
DA:62,3
DA:64,3
DA:65,1
DA:70,4
DA:72,3
DA:86,3
DA:88,3
DA:89,2
DA:92,1
DA:93,1
DA:98,2
DA:103,2
DA:105,2
DA:106,1
DA:109,1
DA:113,6
LF:37
LH:37
BRDA:45,0,0,1
BRDA:45,0,1,5
BRDA:53,1,0,1
BRDA:53,1,1,3
BRDA:64,2,0,1
BRDA:64,2,1,2
BRDA:70,3,0,1
BRDA:70,3,1,3
BRDA:88,4,0,2
BRDA:88,4,1,1
BRDA:105,5,0,1
BRDA:105,5,1,1
BRF:12
BRH:12
end_of_record
TN:
SF:src\Infrastructures\repository\ReplyRepositoryPostgres.js
FN:8,(anonymous_0)
FN:14,(anonymous_1)
FN:28,(anonymous_2)
FN:52,(anonymous_3)
FN:69,(anonymous_4)
FN:92,(anonymous_5)
FNF:6
FNH:6
FNDA:12,(anonymous_0)
FNDA:4,(anonymous_1)
FNDA:4,(anonymous_2)
FNDA:4,(anonymous_3)
FNDA:3,(anonymous_4)
FNDA:1,(anonymous_5)
DA:1,6
DA:2,6
DA:3,6
DA:4,6
DA:5,6
DA:9,12
DA:10,12
DA:11,12
DA:15,4
DA:16,4
DA:18,4
DA:23,4
DA:25,4
DA:29,4
DA:43,4
DA:45,4
DA:46,2
DA:49,2
DA:53,4
DA:54,1
DA:57,3
DA:62,3
DA:64,3
DA:65,1
DA:70,3
DA:72,2
DA:86,2
DA:88,2
DA:89,1
DA:92,1
DA:93,1
DA:98,6
LF:32
LH:32
BRDA:45,0,0,2
BRDA:45,0,1,2
BRDA:53,1,0,1
BRDA:53,1,1,3
BRDA:64,2,0,1
BRDA:64,2,1,2
BRDA:70,3,0,1
BRDA:70,3,1,2
BRDA:88,4,0,1
BRDA:88,4,1,1
BRF:10
BRH:10
end_of_record
TN:
SF:src\Infrastructures\repository\ThreadRepositoryPostgres.js
FN:7,(anonymous_0)
FN:13,(anonymous_1)
FN:27,(anonymous_2)
FNF:3
FNH:3
FNDA:7,(anonymous_0)
FNDA:15,(anonymous_1)
FNDA:20,(anonymous_2)
DA:1,6
DA:2,6
DA:3,6
DA:4,6
DA:8,7
DA:9,7
DA:10,7
DA:14,15
DA:15,15
DA:17,15
DA:22,15
DA:24,15
DA:28,20
DA:41,20
DA:43,20
DA:44,4
DA:47,16
DA:51,6
LF:18
LH:18
BRDA:43,0,0,4
BRDA:43,0,1,16
BRF:2
BRH:2
end_of_record
TN:
SF:src\Infrastructures\repository\UserRepositoryPostgres.js
FN:7,(anonymous_0)
FN:13,(anonymous_1)
FN:26,(anonymous_2)
FN:40,(anonymous_3)
FN:55,(anonymous_4)
FN:72,(anonymous_5)
FN:89,(anonymous_6)
FNF:7
FNH:7
FNDA:17,(anonymous_0)
FNDA:24,(anonymous_1)
FNDA:23,(anonymous_2)
FNDA:23,(anonymous_3)
FNDA:21,(anonymous_4)
FNDA:2,(anonymous_5)
FNDA:3,(anonymous_6)
DA:1,6
DA:2,6
DA:3,6
DA:4,6
DA:8,17
DA:9,17
DA:10,17
DA:14,24
DA:19,24
DA:21,24
DA:22,2
DA:27,23
DA:28,23
DA:30,23
DA:35,23
DA:37,23
DA:41,23
DA:46,23
DA:48,23
DA:49,2
DA:52,21
DA:56,21
DA:61,21
DA:63,21
DA:64,1
DA:67,20
DA:69,20
DA:73,2
DA:78,2
DA:80,2
DA:81,1
DA:84,1
DA:86,1
DA:90,3
DA:95,3
DA:97,3
DA:98,1
DA:101,2
DA:103,2
DA:107,6
LF:40
LH:40
BRDA:21,0,0,2
BRDA:21,0,1,22
BRDA:48,1,0,2
BRDA:48,1,1,21
BRDA:63,2,0,1
BRDA:63,2,1,20
BRDA:80,3,0,1
BRDA:80,3,1,1
BRDA:97,4,0,1
BRDA:97,4,1,2
BRF:10
BRH:10
end_of_record
TN:
SF:src\Infrastructures\security\BcryptPasswordHash.js
FN:5,(anonymous_0)
FN:11,(anonymous_1)
FN:15,(anonymous_2)
FNF:3
FNH:3
FNDA:8,(anonymous_0)
FNDA:23,(anonymous_1)
FNDA:22,(anonymous_2)
DA:1,6
DA:2,6
DA:6,8
DA:7,8
DA:8,8
DA:12,23
DA:16,22
DA:18,22
DA:19,2
DA:24,6
LF:10
LH:10
BRDA:5,0,0,8
BRDA:18,1,0,2
BRDA:18,1,1,20
BRF:3
BRH:3
end_of_record
TN:
SF:src\Infrastructures\security\JwtTokenManager.js
FN:5,(anonymous_0)
FN:10,(anonymous_1)
FN:14,(anonymous_2)
FN:18,(anonymous_3)
FN:27,(anonymous_4)
FNF:5
FNH:5
FNDA:9,(anonymous_0)
FNDA:23,(anonymous_1)
FNDA:22,(anonymous_2)
FNDA:5,(anonymous_3)
FNDA:2,(anonymous_4)
DA:1,6
DA:2,6
DA:6,9
DA:7,9
DA:11,23
DA:15,22
DA:19,5
DA:20,5
DA:21,4
DA:23,2
DA:28,2
DA:29,2
DA:33,6
LF:13
LH:13
BRF:0
BRH:0
end_of_record
TN:
SF:src\api\authentications\handler.js
FN:6,(anonymous_0)
FN:14,(anonymous_1)
FN:28,(anonymous_2)
FN:41,(anonymous_3)
FNF:4
FNH:4
FNDA:39,(anonymous_0)
FNDA:23,(anonymous_1)
FNDA:5,(anonymous_2)
FNDA:4,(anonymous_3)
DA:1,6
DA:2,6
DA:3,6
DA:7,39
DA:9,39
DA:10,39
DA:11,39
DA:15,23
DA:16,23
DA:17,19
DA:24,19
DA:25,19
DA:29,5
DA:31,5
DA:33,1
DA:42,4
DA:43,4
DA:44,1
DA:50,6
LF:19
LH:19
BRF:0
BRH:0
end_of_record
TN:
SF:src\api\authentications\index.js
FN:6,(anonymous_0)
FNF:1
FNH:1
FNDA:39,(anonymous_0)
DA:1,6
DA:2,6
DA:4,6
DA:7,39
DA:8,39
LF:5
LH:5
BRF:0
BRH:0
end_of_record
TN:
SF:src\api\authentications\routes.js
FN:1,(anonymous_0)
FNF:1
FNH:1
FNDA:39,(anonymous_0)
DA:1,39
DA:19,6
LF:2
LH:2
BRF:0
BRH:0
end_of_record
TN:
SF:src\api\comments\handler.js
FN:5,(anonymous_0)
FN:12,(anonymous_1)
FN:39,(anonymous_2)
FNF:3
FNH:3
FNDA:39,(anonymous_0)
FNDA:11,(anonymous_1)
FNDA:2,(anonymous_2)
DA:1,6
DA:2,6
DA:6,39
DA:8,39
DA:9,39
DA:13,11
DA:14,11
DA:16,11
DA:19,11
DA:20,11
DA:22,11
DA:24,8
DA:35,8
DA:36,8
DA:40,2
DA:41,2
DA:43,2
DA:44,2
DA:46,1
DA:50,1
DA:51,1
DA:55,6
LF:22
LH:22
BRF:0
BRH:0
end_of_record
TN:
SF:src\api\comments\index.js
FN:6,(anonymous_0)
FNF:1
FNH:1
FNDA:39,(anonymous_0)
DA:1,6
DA:2,6
DA:4,6
DA:7,39
DA:8,39
LF:5
LH:5
BRF:0
BRH:0
end_of_record
TN:
SF:src\api\comments\routes.js
FN:1,(anonymous_0)
FNF:1
FNH:1
FNDA:39,(anonymous_0)
DA:1,39
DA:24,6
LF:2
LH:2
BRF:0
BRH:0
end_of_record
TN:
SF:src\api\replies\handler.js
FN:5,(anonymous_0)
FN:12,(anonymous_1)
FN:40,(anonymous_2)
FNF:3
FNH:3
FNDA:39,(anonymous_0)
FNDA:5,(anonymous_1)
FNDA:2,(anonymous_2)
DA:1,6
DA:2,6
DA:6,39
DA:8,39
DA:9,39
DA:13,5
DA:14,5
DA:16,5
DA:19,5
DA:20,5
DA:21,5
DA:23,5
DA:25,2
DA:36,2
DA:37,2
DA:41,2
DA:42,2
DA:44,2
DA:45,2
DA:47,1
DA:51,1
DA:52,1
DA:56,6
LF:23
LH:23
BRF:0
BRH:0
end_of_record
TN:
SF:src\api\replies\index.js
FN:6,(anonymous_0)
FNF:1
FNH:1
FNDA:39,(anonymous_0)
DA:1,6
DA:2,6
DA:4,6
DA:7,39
DA:8,39
LF:5
LH:5
BRF:0
BRH:0
end_of_record
TN:
SF:src\api\replies\routes.js
FN:1,(anonymous_0)
FNF:1
FNH:1
FNDA:39,(anonymous_0)
DA:1,39
DA:24,6
LF:2
LH:2
BRF:0
BRH:0
end_of_record
TN:
SF:src\api\threads\handler.js
FN:5,(anonymous_0)
FN:12,(anonymous_1)
FN:37,(anonymous_2)
FNF:3
FNH:3
FNDA:39,(anonymous_0)
FNDA:15,(anonymous_1)
FNDA:2,(anonymous_2)
DA:1,6
DA:2,6
DA:6,39
DA:8,39
DA:9,39
DA:13,15
DA:15,15
DA:18,15
DA:20,15
DA:22,13
DA:33,13
DA:34,13
DA:38,2
DA:39,2
DA:42,2
DA:43,2
DA:45,1
DA:52,1
DA:56,6
LF:19
LH:19
BRF:0
BRH:0
end_of_record
TN:
SF:src\api\threads\index.js
FN:6,(anonymous_0)
FNF:1
FNH:1
FNDA:39,(anonymous_0)
DA:1,6
DA:2,6
DA:4,6
DA:7,39
DA:8,39
LF:5
LH:5
BRF:0
BRH:0
end_of_record
TN:
SF:src\api\threads\routes.js
FN:1,(anonymous_0)
FNF:1
FNH:1
FNDA:39,(anonymous_0)
DA:1,39
DA:23,6
LF:2
LH:2
BRF:0
BRH:0
end_of_record
TN:
SF:src\api\users\handler.js
FN:4,(anonymous_0)
FN:10,(anonymous_1)
FNF:2
FNH:2
FNDA:39,(anonymous_0)
FNDA:27,(anonymous_1)
DA:1,6
DA:5,39
DA:7,39
DA:11,27
DA:12,26
DA:14,21
DA:20,21
DA:21,21
DA:25,6
LF:9
LH:9
BRF:0
BRH:0
end_of_record
TN:
SF:src\api\users\index.js
FN:6,(anonymous_0)
FNF:1
FNH:1
FNDA:39,(anonymous_0)
DA:1,6
DA:2,6
DA:4,6
DA:7,39
DA:8,39
LF:5
LH:5
BRF:0
BRH:0
end_of_record
TN:
SF:src\api\users\routes.js
FN:1,(anonymous_0)
FNF:1
FNH:1
FNDA:39,(anonymous_0)
DA:1,39
DA:9,6
LF:2
LH:2
BRF:0
BRH:0
end_of_record
